#
# There is insufficient memory for the Java Runtime Environment to continue.
# Native memory allocation (malloc) failed to allocate 32784 bytes for Chunk::new
# Possible reasons:
#   The system is out of physical RAM or swap space
#   The process is running with CompressedOops enabled, and the Java Heap may be blocking the growth of the native heap
# Possible solutions:
#   Reduce memory load on the system
#   Increase physical memory or swap space
#   Check if swap backing store is full
#   Decrease Java heap size (-Xmx/-Xms)
#   Decrease number of Java threads
#   Decrease Java thread stack sizes (-Xss)
#   Set larger code cache with -XX:ReservedCodeCacheSize=
#   JVM is running with Zero Based Compressed Oops mode in which the Java heap is
#     placed in the first 32GB address space. The Java Heap base address is the
#     maximum limit for the native heap growth. Please use -XX:HeapBaseMinAddress
#     to set the Java Heap base and to place the Java Heap above 32GB virtual address.
# This output file may be truncated or incomplete.
#
#  Out of Memory Error (t:/workspace/open/src/hotspot/share/memory/arena.cpp:197), pid=30844, tid=26568
#
# JRE version: OpenJDK Runtime Environment (11.0.2+9) (build 11.0.2+9)
# Java VM: OpenJDK 64-Bit Server VM (11.0.2+9, mixed mode, tiered, compressed oops, g1 gc, windows-amd64)
# No core dump will be written. Minidumps are not enabled by default on client versions of Windows
#

---------------  S U M M A R Y ------------

Command Line: -Djavafx.embed.singleThread=true 

Host: Intel(R) Core(TM) i7-10510U CPU @ 1.80GHz, 8 cores, 31G,  Windows 10 , 64 bit Build 18362 (10.0.18362.1110)
Time: Wed Dec  2 14:52:58 2020 Taipei Standard Time elapsed time: 14 seconds (0d 0h 0m 14s)

---------------  T H R E A D  ---------------

Current thread (0x00000000315d3800):  JavaThread "C2 CompilerThread0" daemon [_thread_in_native, id=26568, stack(0x0000000032310000,0x0000000032510000)]


Current CompileTask:
C2:  14476 10139   !   4       javafx.scene.CssStyleHelper::transitionToState (1019 bytes)

Stack: [0x0000000032310000,0x0000000032510000]
Native frames: (J=compiled Java code, j=interpreted, Vv=VM code, C=native code)
V  [jvm.dll+0x63489a]
V  [jvm.dll+0x771f9f]
V  [jvm.dll+0x773648]
V  [jvm.dll+0x773d03]
V  [jvm.dll+0x25eba8]
V  [jvm.dll+0xc2191]
V  [jvm.dll+0xc271c]
V  [jvm.dll+0xcffda]
V  [jvm.dll+0x542bab]
V  [jvm.dll+0x540bd4]
V  [jvm.dll+0x54146f]
V  [jvm.dll+0x5409cf]
V  [jvm.dll+0x5409e3]
V  [jvm.dll+0x5409e3]
V  [jvm.dll+0x551997]
V  [jvm.dll+0x21a4b9]
V  [jvm.dll+0x217a46]
V  [jvm.dll+0x194370]
V  [jvm.dll+0x226b3f]
V  [jvm.dll+0x225148]
V  [jvm.dll+0x73774d]
V  [jvm.dll+0x633942]
C  [ucrtbase.dll+0x210b2]
C  [KERNEL32.DLL+0x17c24]
C  [ntdll.dll+0x6d4d1]


---------------  P R O C E S S  ---------------

Threads class SMR info:
_java_thread_list=0x0000000040c78bd0, length=57, elements={
0x0000000003244000, 0x0000000031576800, 0x000000003156a800, 0x00000000315cd800,
0x00000000315d0800, 0x00000000315d3800, 0x000000003157f800, 0x0000000031581800,
0x0000000031728800, 0x000000003173a000, 0x000000003313c000, 0x0000000033213000,
0x00000000332c8800, 0x00000000331d5000, 0x0000000036872000, 0x000000003687c000,
0x0000000033276000, 0x00000000336f1800, 0x00000000333ae800, 0x000000003e8ae000,
0x000000003ece5800, 0x000000003ece4800, 0x000000003ece2000, 0x000000003ece0800,
0x000000003719e800, 0x0000000037199800, 0x000000003719f800, 0x00000000371a0000,
0x000000003719a800, 0x00000000371a1000, 0x00000000371a2000, 0x000000003719d000,
0x000000003719e000, 0x00000000446ac800, 0x0000000037199000, 0x000000003719b800,
0x00000000371a3800, 0x00000000371a4800, 0x00000000371a2800, 0x00000000371a6800,
0x00000000371a5000, 0x00000000371a6000, 0x000000003ece3000, 0x000000003ece3800,
0x000000003ece6000, 0x000000003ece7000, 0x000000003f249800, 0x000000003f24c800,
0x000000003f24c000, 0x000000003f248800, 0x000000003f247000, 0x000000003f248000,
0x000000003f251000, 0x000000003f251800, 0x000000003f253000, 0x000000003f250000,
0x000000003f254000
}

Java Threads: ( => current thread )
  0x0000000003244000 JavaThread "main" [_thread_blocked, id=28820, stack(0x00000000004e0000,0x00000000006e0000)]
  0x0000000031576800 JavaThread "Reference Handler" daemon [_thread_blocked, id=29792, stack(0x0000000031a10000,0x0000000031c10000)]
  0x000000003156a800 JavaThread "Finalizer" daemon [_thread_blocked, id=22076, stack(0x0000000031c10000,0x0000000031e10000)]
  0x00000000315cd800 JavaThread "Signal Dispatcher" daemon [_thread_blocked, id=17052, stack(0x0000000031f10000,0x0000000032110000)]
  0x00000000315d0800 JavaThread "Attach Listener" daemon [_thread_blocked, id=26172, stack(0x0000000032110000,0x0000000032310000)]
=>0x00000000315d3800 JavaThread "C2 CompilerThread0" daemon [_thread_in_native, id=26568, stack(0x0000000032310000,0x0000000032510000)]
  0x000000003157f800 JavaThread "C1 CompilerThread0" daemon [_thread_blocked, id=28288, stack(0x0000000032510000,0x0000000032710000)]
  0x0000000031581800 JavaThread "Sweeper thread" daemon [_thread_blocked, id=14976, stack(0x0000000032710000,0x0000000032910000)]
  0x0000000031728800 JavaThread "Service Thread" daemon [_thread_blocked, id=4792, stack(0x0000000032910000,0x0000000032b10000)]
  0x000000003173a000 JavaThread "Common-Cleaner" daemon [_thread_blocked, id=17044, stack(0x0000000032d10000,0x0000000032f10000)]
  0x000000003313c000 JavaThread "JavaFX-Launcher" [_thread_blocked, id=24496, stack(0x0000000033710000,0x0000000033910000)]
  0x0000000033213000 JavaThread "QuantumRenderer-0" daemon [_thread_blocked, id=33348, stack(0x0000000033a80000,0x0000000033c80000)]
  0x00000000332c8800 JavaThread "InvokeLaterDispatcher" daemon [_thread_blocked, id=12136, stack(0x0000000033ee0000,0x00000000340e0000)]
  0x00000000331d5000 JavaThread "JavaFX Application Thread" [_thread_blocked, id=29000, stack(0x00000000340e0000,0x00000000342e0000)]
  0x0000000036872000 JavaThread "C2 CompilerThread1" daemon [_thread_in_native, id=23128, stack(0x000000003bed0000,0x000000003c0d0000)]
  0x000000003687c000 JavaThread "Thread-2" daemon [_thread_in_native, id=34804, stack(0x000000003bcd0000,0x000000003bed0000)]
  0x0000000033276000 JavaThread "Java2D Disposer" daemon [_thread_blocked, id=34564, stack(0x000000003c410000,0x000000003c610000)]
  0x00000000336f1800 JavaThread "AWT-Windows" daemon [_thread_in_native, id=29392, stack(0x000000003c810000,0x000000003ca10000)]
  0x00000000333ae800 JavaThread "Thread-3" [_thread_blocked, id=20824, stack(0x000000003ca10000,0x000000003cc10000)]
  0x000000003e8ae000 JavaThread "AWT-Shutdown" [_thread_blocked, id=26412, stack(0x0000000041520000,0x0000000041720000)]
  0x000000003ece5800 JavaThread "AWT-EventQueue-0" [_thread_blocked, id=33516, stack(0x0000000041eb0000,0x00000000420b0000)]
  0x000000003ece4800 JavaThread "TimerQueue" daemon [_thread_blocked, id=2832, stack(0x0000000043690000,0x0000000043890000)]
  0x000000003ece2000 JavaThread "Prism Font Disposer" daemon [_thread_blocked, id=24720, stack(0x0000000046900000,0x0000000046b00000)]
  0x000000003ece0800 JavaThread "Disposer" daemon [_thread_blocked, id=22664, stack(0x0000000041c40000,0x0000000041e40000)]
  0x000000003719e800 JavaThread "SwingNode Disposer" daemon [_thread_blocked, id=20736, stack(0x000000004aa50000,0x000000004ac50000)]
  0x0000000037199800 JavaThread "Cleaner-0" daemon [_thread_blocked, id=28156, stack(0x000000004c600000,0x000000004c800000)]
  0x000000003719f800 JavaThread "JDI Internal Event Handler" daemon [_thread_blocked, id=10980, stack(0x000000004ca00000,0x000000004cc00000)]
  0x00000000371a0000 JavaThread "JDI Target VM Interface" daemon [_thread_in_native, id=12688, stack(0x000000004cc00000,0x000000004ce00000)]
  0x000000003719a800 JavaThread "BlueJ I/O Handler" [_thread_in_native, id=18100, stack(0x000000004d1a0000,0x000000004d3a0000)]
  0x00000000371a1000 JavaThread "BlueJ I/O Handler" [_thread_in_native, id=31716, stack(0x000000004d3a0000,0x000000004d5a0000)]
  0x00000000371a2000 JavaThread "BlueJ I/O Handler" [_thread_blocked, id=20080, stack(0x000000004d5a0000,0x000000004d7a0000)]
  0x000000003719d000 JavaThread "vm-event-handler" [_thread_blocked, id=30624, stack(0x000000004d7a0000,0x000000004d9a0000)]
  0x000000003719e000 JavaThread "BlueJ compiler thread" [_thread_blocked, id=3924, stack(0x0000000049c40000,0x0000000049e40000)]
  0x00000000446ac800 JavaThread "C2 CompilerThread2" daemon [_thread_in_native, id=15820, stack(0x000000003e150000,0x000000003e350000)]
  0x0000000037199000 JavaThread "Thread-18" [_thread_in_native, id=16340, stack(0x000000004ae50000,0x000000004b050000)]
  0x000000003719b800 JavaThread "Thread-19" [_thread_blocked, id=9612, stack(0x000000004b050000,0x000000004b250000)]
  0x00000000371a3800 JavaThread "Thread-20" [_thread_in_native, id=596, stack(0x000000004ce00000,0x000000004d000000)]
  0x00000000371a4800 JavaThread "Thread-21" [_thread_blocked, id=30788, stack(0x000000004dda0000,0x000000004dfa0000)]
  0x00000000371a2800 JavaThread "Thread-22" [_thread_in_native, id=25752, stack(0x000000004dfa0000,0x000000004e1a0000)]
  0x00000000371a6800 JavaThread "Thread-23" [_thread_blocked, id=25348, stack(0x000000004e1a0000,0x000000004e3a0000)]
  0x00000000371a5000 JavaThread "Thread-24" [_thread_in_native, id=31800, stack(0x00000000505a0000,0x00000000507a0000)]
  0x00000000371a6000 JavaThread "Thread-25" [_thread_blocked, id=18448, stack(0x00000000507a0000,0x00000000509a0000)]
  0x000000003ece3000 JavaThread "Thread-26" [_thread_in_native, id=33976, stack(0x00000000509a0000,0x0000000050ba0000)]
  0x000000003ece3800 JavaThread "Thread-27" [_thread_blocked, id=7576, stack(0x0000000050ba0000,0x0000000050da0000)]
  0x000000003ece6000 JavaThread "Thread-28" [_thread_in_native, id=28368, stack(0x0000000050da0000,0x0000000050fa0000)]
  0x000000003ece7000 JavaThread "Thread-29" [_thread_blocked, id=15592, stack(0x0000000050fa0000,0x00000000511a0000)]
  0x000000003f249800 JavaThread "Thread-31" [_thread_blocked, id=34740, stack(0x00000000513a0000,0x00000000515a0000)]
  0x000000003f24c800 JavaThread "Thread-33" [_thread_blocked, id=13900, stack(0x00000000517a0000,0x00000000519a0000)]
  0x000000003f24c000 JavaThread "Thread-35" [_thread_blocked, id=28540, stack(0x0000000051ba0000,0x0000000051da0000)]
  0x000000003f248800 JavaThread "Thread-36" [_thread_in_native, id=33216, stack(0x0000000051da0000,0x0000000051fa0000)]
  0x000000003f247000 JavaThread "Thread-37" [_thread_blocked, id=31124, stack(0x0000000051fa0000,0x00000000521a0000)]
  0x000000003f248000 JavaThread "Thread-39" [_thread_blocked, id=34752, stack(0x00000000523a0000,0x00000000525a0000)]
  0x000000003f251000 JavaThread "Thread-40" [_thread_in_native, id=27860, stack(0x00000000525a0000,0x00000000527a0000)]
  0x000000003f251800 JavaThread "Thread-41" [_thread_blocked, id=11584, stack(0x00000000527a0000,0x00000000529a0000)]
  0x000000003f253000 JavaThread "Thread-42" [_thread_in_native, id=31520, stack(0x00000000529a0000,0x0000000052ba0000)]
  0x000000003f250000 JavaThread "Thread-43" [_thread_blocked, id=16800, stack(0x0000000052ba0000,0x0000000052da0000)]
  0x000000003f254000 JavaThread "Thread-44" [_thread_in_native, id=540, stack(0x0000000052da0000,0x0000000052fa0000)]

Other Threads:
  0x000000003153c000 VMThread "VM Thread" [stack: 0x0000000031810000,0x0000000031a10000] [id=26976]
  0x0000000031733800 WatcherThread [stack: 0x0000000032b10000,0x0000000032d10000] [id=13048]
  0x000000000325a000 GCTaskThread "GC Thread#0" [stack: 0x0000000002be0000,0x0000000002de0000] [id=12016]
  0x00000000368eb800 GCTaskThread "GC Thread#1" [stack: 0x000000003ce10000,0x000000003d010000] [id=33588]
  0x00000000334a6800 GCTaskThread "GC Thread#2" [stack: 0x000000003d010000,0x000000003d210000] [id=28520]
  0x00000000365cc800 GCTaskThread "GC Thread#3" [stack: 0x000000003d210000,0x000000003d410000] [id=4188]
  0x00000000365cd800 GCTaskThread "GC Thread#4" [stack: 0x000000003d410000,0x000000003d610000] [id=32012]
  0x00000000365ce000 GCTaskThread "GC Thread#5" [stack: 0x000000003d610000,0x000000003d810000] [id=34532]
  0x00000000365cf000 GCTaskThread "GC Thread#6" [stack: 0x000000003d810000,0x000000003da10000] [id=32008]
  0x0000000033673800 GCTaskThread "GC Thread#7" [stack: 0x000000003da10000,0x000000003dc10000] [id=34796]
  0x00000000032d9800 ConcurrentGCThread "G1 Main Marker" [stack: 0x000000002d990000,0x000000002db90000] [id=34500]
  0x00000000032da800 ConcurrentGCThread "G1 Conc#0" [stack: 0x000000002db90000,0x000000002dd90000] [id=28380]
  0x000000003eaf6800 ConcurrentGCThread "G1 Conc#1" [stack: 0x00000000424b0000,0x00000000426b0000] [id=26112]
  0x00000000307a3800 ConcurrentGCThread "G1 Refine#0" [stack: 0x0000000030810000,0x0000000030a10000] [id=11924]
  0x00000000307a4800 ConcurrentGCThread "G1 Young RemSet Sampling" [stack: 0x0000000030a10000,0x0000000030c10000] [id=25672]

Threads with active compile tasks:
C2 CompilerThread010139   !   4       javafx.scene.CssStyleHelper::transitionToState (1019 bytes)
C2 CompilerThread110088   !   4       com.sun.javafx.css.StyleManager::findMatchingStyles (1268 bytes)
C2 CompilerThread29794   !   4       javafx.scene.CssStyleHelper::lookup (512 bytes)

VM state:at safepoint (normal execution)

VM Mutex/Monitor currently owned by a thread:  ([mutex/lock_event])
[0x0000000003242a50] Threads_lock - owner thread: 0x000000003153c000

Heap address: 0x0000000603e00000, size: 8130 MB, Compressed Oops mode: Zero based, Oop shift amount: 3
Narrow klass base: 0x0000000800000000, Narrow klass shift: 0
Compressed class space size: 1073741824 Address: 0x0000000800000000

Heap:
 garbage-first heap   total 522240K, used 230239K [0x0000000603e00000, 0x0000000800000000)
  region size 2048K, 101 young (206848K), 11 survivors (22528K)
 Metaspace       used 68751K, capacity 71895K, committed 72144K, reserved 1112064K
  class space    used 9017K, capacity 10408K, committed 10492K, reserved 1048576K
Heap Regions: E=young(eden), S=young(survivor), O=old, HS=humongous(starts), HC=humongous(continues), CS=collection set, F=free, A=archive, TAMS=top-at-mark-start (previous, next)
|   0|0x0000000603e00000, 0x0000000604000000, 0x0000000604000000|100%|HS|  |TAMS 0x0000000604000000, 0x0000000603e00000| Complete 
|   1|0x0000000604000000, 0x0000000604200000, 0x0000000604200000|100%|HC|  |TAMS 0x0000000604200000, 0x0000000604000000| Complete 
|   2|0x0000000604200000, 0x0000000604400000, 0x0000000604400000|100%| O|  |TAMS 0x0000000604400000, 0x0000000604200000| Untracked 
|   3|0x0000000604400000, 0x0000000604600000, 0x0000000604600000|100%| O|  |TAMS 0x0000000604600000, 0x0000000604400000| Untracked 
|   4|0x0000000604600000, 0x0000000604800000, 0x0000000604800000|100%| O|  |TAMS 0x0000000604800000, 0x0000000604600000| Untracked 
|   5|0x0000000604800000, 0x0000000604a00000, 0x0000000604a00000|100%| O|  |TAMS 0x0000000604a00000, 0x0000000604800000| Untracked 
|   6|0x0000000604a00000, 0x0000000604c00000, 0x0000000604c00000|100%| O|  |TAMS 0x0000000604c00000, 0x0000000604a00000| Untracked 
|   7|0x0000000604c00000, 0x0000000604e00000, 0x0000000604e00000|100%| O|  |TAMS 0x0000000604cb3800, 0x0000000604c00000| Untracked 
|   8|0x0000000604e00000, 0x0000000605000000, 0x0000000605000000|100%|HS|  |TAMS 0x0000000604e00000, 0x0000000604e00000| Complete 
|   9|0x0000000605000000, 0x0000000605200000, 0x0000000605200000|100%| O|  |TAMS 0x0000000605000000, 0x0000000605000000| Untracked 
|  10|0x0000000605200000, 0x0000000605400000, 0x0000000605400000|100%| O|  |TAMS 0x0000000605200000, 0x0000000605200000| Untracked 
|  11|0x0000000605400000, 0x0000000605600000, 0x0000000605600000|100%| O|  |TAMS 0x0000000605400000, 0x0000000605400000| Untracked 
|  12|0x0000000605600000, 0x0000000605784a00, 0x0000000605800000| 75%| O|  |TAMS 0x0000000605600000, 0x0000000605600000| Untracked 
|  13|0x0000000605800000, 0x0000000605800000, 0x0000000605a00000|  0%| F|  |TAMS 0x0000000605800000, 0x0000000605800000| Untracked 
|  14|0x0000000605a00000, 0x0000000605a00000, 0x0000000605c00000|  0%| F|  |TAMS 0x0000000605a00000, 0x0000000605a00000| Untracked 
|  15|0x0000000605c00000, 0x0000000605c00000, 0x0000000605e00000|  0%| F|  |TAMS 0x0000000605c00000, 0x0000000605c00000| Untracked 
|  16|0x0000000605e00000, 0x0000000605e00000, 0x0000000606000000|  0%| F|  |TAMS 0x0000000605e00000, 0x0000000605e00000| Untracked 
|  17|0x0000000606000000, 0x0000000606000000, 0x0000000606200000|  0%| F|  |TAMS 0x0000000606000000, 0x0000000606000000| Untracked 
|  18|0x0000000606200000, 0x0000000606200000, 0x0000000606400000|  0%| F|  |TAMS 0x0000000606200000, 0x0000000606200000| Untracked 
|  19|0x0000000606400000, 0x0000000606400000, 0x0000000606600000|  0%| F|  |TAMS 0x0000000606400000, 0x0000000606400000| Untracked 
|  20|0x0000000606600000, 0x0000000606600000, 0x0000000606800000|  0%| F|  |TAMS 0x0000000606600000, 0x0000000606600000| Untracked 
|  21|0x0000000606800000, 0x0000000606800000, 0x0000000606a00000|  0%| F|  |TAMS 0x0000000606800000, 0x0000000606800000| Untracked 
|  22|0x0000000606a00000, 0x0000000606a00000, 0x0000000606c00000|  0%| F|  |TAMS 0x0000000606a00000, 0x0000000606a00000| Untracked 
|  23|0x0000000606c00000, 0x0000000606c00000, 0x0000000606e00000|  0%| F|  |TAMS 0x0000000606c00000, 0x0000000606c00000| Untracked 
|  24|0x0000000606e00000, 0x0000000606e00000, 0x0000000607000000|  0%| F|  |TAMS 0x0000000606e00000, 0x0000000606e00000| Untracked 
|  25|0x0000000607000000, 0x0000000607000000, 0x0000000607200000|  0%| F|  |TAMS 0x0000000607000000, 0x0000000607000000| Untracked 
|  26|0x0000000607200000, 0x0000000607200000, 0x0000000607400000|  0%| F|  |TAMS 0x0000000607200000, 0x0000000607200000| Untracked 
|  27|0x0000000607400000, 0x0000000607400000, 0x0000000607600000|  0%| F|  |TAMS 0x0000000607400000, 0x0000000607400000| Untracked 
|  28|0x0000000607600000, 0x0000000607600000, 0x0000000607800000|  0%| F|  |TAMS 0x0000000607600000, 0x0000000607600000| Untracked 
|  29|0x0000000607800000, 0x0000000607800000, 0x0000000607a00000|  0%| F|  |TAMS 0x0000000607800000, 0x0000000607800000| Untracked 
|  30|0x0000000607a00000, 0x0000000607a00000, 0x0000000607c00000|  0%| F|  |TAMS 0x0000000607a00000, 0x0000000607a00000| Untracked 
|  31|0x0000000607c00000, 0x0000000607c00000, 0x0000000607e00000|  0%| F|  |TAMS 0x0000000607c00000, 0x0000000607c00000| Untracked 
|  32|0x0000000607e00000, 0x0000000607e00000, 0x0000000608000000|  0%| F|  |TAMS 0x0000000607e00000, 0x0000000607e00000| Untracked 
|  33|0x0000000608000000, 0x0000000608000000, 0x0000000608200000|  0%| F|  |TAMS 0x0000000608000000, 0x0000000608000000| Untracked 
|  34|0x0000000608200000, 0x0000000608200000, 0x0000000608400000|  0%| F|  |TAMS 0x0000000608200000, 0x0000000608200000| Untracked 
|  35|0x0000000608400000, 0x0000000608400000, 0x0000000608600000|  0%| F|  |TAMS 0x0000000608400000, 0x0000000608400000| Untracked 
|  36|0x0000000608600000, 0x0000000608600000, 0x0000000608800000|  0%| F|  |TAMS 0x0000000608600000, 0x0000000608600000| Untracked 
|  37|0x0000000608800000, 0x0000000608800000, 0x0000000608a00000|  0%| F|  |TAMS 0x0000000608800000, 0x0000000608800000| Untracked 
|  38|0x0000000608a00000, 0x0000000608a00000, 0x0000000608c00000|  0%| F|  |TAMS 0x0000000608a00000, 0x0000000608a00000| Untracked 
|  39|0x0000000608c00000, 0x0000000608c00000, 0x0000000608e00000|  0%| F|  |TAMS 0x0000000608c00000, 0x0000000608c00000| Untracked 
|  40|0x0000000608e00000, 0x0000000608e00000, 0x0000000609000000|  0%| F|  |TAMS 0x0000000608e00000, 0x0000000608e00000| Untracked 
|  41|0x0000000609000000, 0x0000000609000000, 0x0000000609200000|  0%| F|  |TAMS 0x0000000609000000, 0x0000000609000000| Untracked 
|  42|0x0000000609200000, 0x0000000609200000, 0x0000000609400000|  0%| F|  |TAMS 0x0000000609200000, 0x0000000609200000| Untracked 
|  43|0x0000000609400000, 0x0000000609400000, 0x0000000609600000|  0%| F|  |TAMS 0x0000000609400000, 0x0000000609400000| Untracked 
|  44|0x0000000609600000, 0x0000000609600000, 0x0000000609800000|  0%| F|  |TAMS 0x0000000609600000, 0x0000000609600000| Untracked 
|  45|0x0000000609800000, 0x0000000609800000, 0x0000000609a00000|  0%| F|  |TAMS 0x0000000609800000, 0x0000000609800000| Untracked 
|  46|0x0000000609a00000, 0x0000000609a00000, 0x0000000609c00000|  0%| F|  |TAMS 0x0000000609a00000, 0x0000000609a00000| Untracked 
|  47|0x0000000609c00000, 0x0000000609c00000, 0x0000000609e00000|  0%| F|  |TAMS 0x0000000609c00000, 0x0000000609c00000| Untracked 
|  48|0x0000000609e00000, 0x0000000609e00000, 0x000000060a000000|  0%| F|  |TAMS 0x0000000609e00000, 0x0000000609e00000| Untracked 
|  49|0x000000060a000000, 0x000000060a000000, 0x000000060a200000|  0%| F|  |TAMS 0x000000060a000000, 0x000000060a000000| Untracked 
|  50|0x000000060a200000, 0x000000060a200000, 0x000000060a400000|  0%| F|  |TAMS 0x000000060a200000, 0x000000060a200000| Untracked 
|  51|0x000000060a400000, 0x000000060a400000, 0x000000060a600000|  0%| F|  |TAMS 0x000000060a400000, 0x000000060a400000| Untracked 
|  52|0x000000060a600000, 0x000000060a600000, 0x000000060a800000|  0%| F|  |TAMS 0x000000060a600000, 0x000000060a600000| Untracked 
|  53|0x000000060a800000, 0x000000060a800000, 0x000000060aa00000|  0%| F|  |TAMS 0x000000060a800000, 0x000000060a800000| Untracked 
|  54|0x000000060aa00000, 0x000000060aa00000, 0x000000060ac00000|  0%| F|  |TAMS 0x000000060aa00000, 0x000000060aa00000| Untracked 
|  55|0x000000060ac00000, 0x000000060ac00000, 0x000000060ae00000|  0%| F|  |TAMS 0x000000060ac00000, 0x000000060ac00000| Untracked 
|  56|0x000000060ae00000, 0x000000060ae00000, 0x000000060b000000|  0%| F|  |TAMS 0x000000060ae00000, 0x000000060ae00000| Untracked 
|  57|0x000000060b000000, 0x000000060b000000, 0x000000060b200000|  0%| F|  |TAMS 0x000000060b000000, 0x000000060b000000| Untracked 
|  58|0x000000060b200000, 0x000000060b200000, 0x000000060b400000|  0%| F|  |TAMS 0x000000060b200000, 0x000000060b200000| Untracked 
|  59|0x000000060b400000, 0x000000060b400000, 0x000000060b600000|  0%| F|  |TAMS 0x000000060b400000, 0x000000060b400000| Untracked 
|  60|0x000000060b600000, 0x000000060b600000, 0x000000060b800000|  0%| F|  |TAMS 0x000000060b600000, 0x000000060b600000| Untracked 
|  61|0x000000060b800000, 0x000000060b800000, 0x000000060ba00000|  0%| F|  |TAMS 0x000000060b800000, 0x000000060b800000| Untracked 
|  62|0x000000060ba00000, 0x000000060ba00000, 0x000000060bc00000|  0%| F|  |TAMS 0x000000060ba00000, 0x000000060ba00000| Untracked 
|  63|0x000000060bc00000, 0x000000060bc00000, 0x000000060be00000|  0%| F|  |TAMS 0x000000060bc00000, 0x000000060bc00000| Untracked 
|  64|0x000000060be00000, 0x000000060be00000, 0x000000060c000000|  0%| F|  |TAMS 0x000000060be00000, 0x000000060be00000| Untracked 
|  65|0x000000060c000000, 0x000000060c000000, 0x000000060c200000|  0%| F|  |TAMS 0x000000060c000000, 0x000000060c000000| Untracked 
|  66|0x000000060c200000, 0x000000060c200000, 0x000000060c400000|  0%| F|  |TAMS 0x000000060c200000, 0x000000060c200000| Untracked 
|  67|0x000000060c400000, 0x000000060c400000, 0x000000060c600000|  0%| F|  |TAMS 0x000000060c400000, 0x000000060c400000| Untracked 
|  68|0x000000060c600000, 0x000000060c600000, 0x000000060c800000|  0%| F|  |TAMS 0x000000060c600000, 0x000000060c600000| Untracked 
|  69|0x000000060c800000, 0x000000060c800000, 0x000000060ca00000|  0%| F|  |TAMS 0x000000060c800000, 0x000000060c800000| Untracked 
|  70|0x000000060ca00000, 0x000000060ca00000, 0x000000060cc00000|  0%| F|  |TAMS 0x000000060ca00000, 0x000000060ca00000| Untracked 
|  71|0x000000060cc00000, 0x000000060cc00000, 0x000000060ce00000|  0%| F|  |TAMS 0x000000060cc00000, 0x000000060cc00000| Untracked 
|  72|0x000000060ce00000, 0x000000060ce00000, 0x000000060d000000|  0%| F|  |TAMS 0x000000060ce00000, 0x000000060ce00000| Untracked 
|  73|0x000000060d000000, 0x000000060d000000, 0x000000060d200000|  0%| F|  |TAMS 0x000000060d000000, 0x000000060d000000| Untracked 
|  74|0x000000060d200000, 0x000000060d200000, 0x000000060d400000|  0%| F|  |TAMS 0x000000060d200000, 0x000000060d200000| Untracked 
|  75|0x000000060d400000, 0x000000060d400000, 0x000000060d600000|  0%| F|  |TAMS 0x000000060d400000, 0x000000060d400000| Untracked 
|  76|0x000000060d600000, 0x000000060d600000, 0x000000060d800000|  0%| F|  |TAMS 0x000000060d600000, 0x000000060d600000| Untracked 
|  77|0x000000060d800000, 0x000000060d800000, 0x000000060da00000|  0%| F|  |TAMS 0x000000060d800000, 0x000000060d800000| Untracked 
|  78|0x000000060da00000, 0x000000060da00000, 0x000000060dc00000|  0%| F|  |TAMS 0x000000060da00000, 0x000000060da00000| Untracked 
|  79|0x000000060dc00000, 0x000000060dc00000, 0x000000060de00000|  0%| F|  |TAMS 0x000000060dc00000, 0x000000060dc00000| Untracked 
|  80|0x000000060de00000, 0x000000060de00000, 0x000000060e000000|  0%| F|  |TAMS 0x000000060de00000, 0x000000060de00000| Untracked 
|  81|0x000000060e000000, 0x000000060e000000, 0x000000060e200000|  0%| F|  |TAMS 0x000000060e000000, 0x000000060e000000| Untracked 
|  82|0x000000060e200000, 0x000000060e200000, 0x000000060e400000|  0%| F|  |TAMS 0x000000060e200000, 0x000000060e200000| Untracked 
|  83|0x000000060e400000, 0x000000060e400000, 0x000000060e600000|  0%| F|  |TAMS 0x000000060e400000, 0x000000060e400000| Untracked 
|  84|0x000000060e600000, 0x000000060e600000, 0x000000060e800000|  0%| F|  |TAMS 0x000000060e600000, 0x000000060e600000| Untracked 
|  85|0x000000060e800000, 0x000000060e800000, 0x000000060ea00000|  0%| F|  |TAMS 0x000000060e800000, 0x000000060e800000| Untracked 
|  86|0x000000060ea00000, 0x000000060ea00000, 0x000000060ec00000|  0%| F|  |TAMS 0x000000060ea00000, 0x000000060ea00000| Untracked 
|  87|0x000000060ec00000, 0x000000060ec00000, 0x000000060ee00000|  0%| F|  |TAMS 0x000000060ec00000, 0x000000060ec00000| Untracked 
|  88|0x000000060ee00000, 0x000000060ee00000, 0x000000060f000000|  0%| F|  |TAMS 0x000000060ee00000, 0x000000060ee00000| Untracked 
|  89|0x000000060f000000, 0x000000060f000000, 0x000000060f200000|  0%| F|  |TAMS 0x000000060f000000, 0x000000060f000000| Untracked 
|  90|0x000000060f200000, 0x000000060f200000, 0x000000060f400000|  0%| F|  |TAMS 0x000000060f200000, 0x000000060f200000| Untracked 
|  91|0x000000060f400000, 0x000000060f400000, 0x000000060f600000|  0%| F|  |TAMS 0x000000060f400000, 0x000000060f400000| Untracked 
|  92|0x000000060f600000, 0x000000060f7532b8, 0x000000060f800000| 66%| S|CS|TAMS 0x000000060f600000, 0x000000060f600000| Complete 
|  93|0x000000060f800000, 0x000000060fa00000, 0x000000060fa00000|100%| S|CS|TAMS 0x000000060f800000, 0x000000060f800000| Complete 
|  94|0x000000060fa00000, 0x000000060fc00000, 0x000000060fc00000|100%| S|CS|TAMS 0x000000060fa00000, 0x000000060fa00000| Complete 
|  95|0x000000060fc00000, 0x000000060fe00000, 0x000000060fe00000|100%| S|CS|TAMS 0x000000060fc00000, 0x000000060fc00000| Complete 
|  96|0x000000060fe00000, 0x0000000610000000, 0x0000000610000000|100%| S|CS|TAMS 0x000000060fe00000, 0x000000060fe00000| Complete 
|  97|0x0000000610000000, 0x0000000610200000, 0x0000000610200000|100%| S|CS|TAMS 0x0000000610000000, 0x0000000610000000| Complete 
|  98|0x0000000610200000, 0x0000000610400000, 0x0000000610400000|100%| S|CS|TAMS 0x0000000610200000, 0x0000000610200000| Complete 
|  99|0x0000000610400000, 0x0000000610600000, 0x0000000610600000|100%| S|CS|TAMS 0x0000000610400000, 0x0000000610400000| Complete 
| 100|0x0000000610600000, 0x0000000610800000, 0x0000000610800000|100%| S|CS|TAMS 0x0000000610600000, 0x0000000610600000| Complete 
| 101|0x0000000610800000, 0x0000000610a00000, 0x0000000610a00000|100%| S|CS|TAMS 0x0000000610800000, 0x0000000610800000| Complete 
| 102|0x0000000610a00000, 0x0000000610c00000, 0x0000000610c00000|100%| S|CS|TAMS 0x0000000610a00000, 0x0000000610a00000| Complete 
| 103|0x0000000610c00000, 0x0000000610c00000, 0x0000000610e00000|  0%| F|  |TAMS 0x0000000610c00000, 0x0000000610c00000| Untracked 
| 104|0x0000000610e00000, 0x0000000610e00000, 0x0000000611000000|  0%| F|  |TAMS 0x0000000610e00000, 0x0000000610e00000| Untracked 
| 105|0x0000000611000000, 0x0000000611000000, 0x0000000611200000|  0%| F|  |TAMS 0x0000000611000000, 0x0000000611000000| Untracked 
| 106|0x0000000611200000, 0x0000000611200000, 0x0000000611400000|  0%| F|  |TAMS 0x0000000611200000, 0x0000000611200000| Untracked 
| 107|0x0000000611400000, 0x0000000611400000, 0x0000000611600000|  0%| F|  |TAMS 0x0000000611400000, 0x0000000611400000| Untracked 
| 108|0x0000000611600000, 0x0000000611600000, 0x0000000611800000|  0%| F|  |TAMS 0x0000000611600000, 0x0000000611600000| Untracked 
| 109|0x0000000611800000, 0x0000000611800000, 0x0000000611a00000|  0%| F|  |TAMS 0x0000000611800000, 0x0000000611800000| Untracked 
| 110|0x0000000611a00000, 0x0000000611a00000, 0x0000000611c00000|  0%| F|  |TAMS 0x0000000611a00000, 0x0000000611a00000| Untracked 
| 111|0x0000000611c00000, 0x0000000611c00000, 0x0000000611e00000|  0%| F|  |TAMS 0x0000000611c00000, 0x0000000611c00000| Untracked 
| 112|0x0000000611e00000, 0x0000000611e00000, 0x0000000612000000|  0%| F|  |TAMS 0x0000000611e00000, 0x0000000611e00000| Untracked 
| 113|0x0000000612000000, 0x0000000612000000, 0x0000000612200000|  0%| F|  |TAMS 0x0000000612000000, 0x0000000612000000| Untracked 
| 114|0x0000000612200000, 0x0000000612200000, 0x0000000612400000|  0%| F|  |TAMS 0x0000000612200000, 0x0000000612200000| Untracked 
| 115|0x0000000612400000, 0x0000000612400000, 0x0000000612600000|  0%| F|  |TAMS 0x0000000612400000, 0x0000000612400000| Untracked 
| 116|0x0000000612600000, 0x0000000612600000, 0x0000000612800000|  0%| F|  |TAMS 0x0000000612600000, 0x0000000612600000| Untracked 
| 117|0x0000000612800000, 0x0000000612800000, 0x0000000612a00000|  0%| F|  |TAMS 0x0000000612800000, 0x0000000612800000| Untracked 
| 118|0x0000000612a00000, 0x0000000612a00000, 0x0000000612c00000|  0%| F|  |TAMS 0x0000000612a00000, 0x0000000612a00000| Untracked 
| 119|0x0000000612c00000, 0x0000000612c00000, 0x0000000612e00000|  0%| F|  |TAMS 0x0000000612c00000, 0x0000000612c00000| Untracked 
| 120|0x0000000612e00000, 0x0000000612e00000, 0x0000000613000000|  0%| F|  |TAMS 0x0000000612e00000, 0x0000000612e00000| Untracked 
| 121|0x0000000613000000, 0x0000000613000000, 0x0000000613200000|  0%| F|  |TAMS 0x0000000613000000, 0x0000000613000000| Untracked 
| 122|0x0000000613200000, 0x0000000613200000, 0x0000000613400000|  0%| F|  |TAMS 0x0000000613200000, 0x0000000613200000| Untracked 
| 123|0x0000000613400000, 0x0000000613400000, 0x0000000613600000|  0%| F|  |TAMS 0x0000000613400000, 0x0000000613400000| Untracked 
| 124|0x0000000613600000, 0x0000000613600000, 0x0000000613800000|  0%| F|  |TAMS 0x0000000613600000, 0x0000000613600000| Untracked 
| 125|0x0000000613800000, 0x0000000613800000, 0x0000000613a00000|  0%| F|  |TAMS 0x0000000613800000, 0x0000000613800000| Untracked 
| 126|0x0000000613a00000, 0x0000000613a00000, 0x0000000613c00000|  0%| F|  |TAMS 0x0000000613a00000, 0x0000000613a00000| Untracked 
| 127|0x0000000613c00000, 0x0000000613c00000, 0x0000000613e00000|  0%| F|  |TAMS 0x0000000613c00000, 0x0000000613c00000| Untracked 
| 128|0x0000000613e00000, 0x0000000613e00000, 0x0000000614000000|  0%| F|  |TAMS 0x0000000613e00000, 0x0000000613e00000| Untracked 
| 129|0x0000000614000000, 0x0000000614000000, 0x0000000614200000|  0%| F|  |TAMS 0x0000000614000000, 0x0000000614000000| Untracked 
| 130|0x0000000614200000, 0x0000000614200000, 0x0000000614400000|  0%| F|  |TAMS 0x0000000614200000, 0x0000000614200000| Untracked 
| 131|0x0000000614400000, 0x0000000614400000, 0x0000000614600000|  0%| F|  |TAMS 0x0000000614400000, 0x0000000614400000| Untracked 
| 132|0x0000000614600000, 0x0000000614600000, 0x0000000614800000|  0%| F|  |TAMS 0x0000000614600000, 0x0000000614600000| Untracked 
| 133|0x0000000614800000, 0x0000000614800000, 0x0000000614a00000|  0%| F|  |TAMS 0x0000000614800000, 0x0000000614800000| Untracked 
| 134|0x0000000614a00000, 0x0000000614a00000, 0x0000000614c00000|  0%| F|  |TAMS 0x0000000614a00000, 0x0000000614a00000| Untracked 
| 135|0x0000000614c00000, 0x0000000614c00000, 0x0000000614e00000|  0%| F|  |TAMS 0x0000000614c00000, 0x0000000614c00000| Untracked 
| 136|0x0000000614e00000, 0x0000000614e00000, 0x0000000615000000|  0%| F|  |TAMS 0x0000000614e00000, 0x0000000614e00000| Untracked 
| 137|0x0000000615000000, 0x0000000615000000, 0x0000000615200000|  0%| F|  |TAMS 0x0000000615000000, 0x0000000615000000| Untracked 
| 138|0x0000000615200000, 0x0000000615200000, 0x0000000615400000|  0%| F|  |TAMS 0x0000000615200000, 0x0000000615200000| Untracked 
| 139|0x0000000615400000, 0x0000000615400000, 0x0000000615600000|  0%| F|  |TAMS 0x0000000615400000, 0x0000000615400000| Untracked 
| 140|0x0000000615600000, 0x0000000615600000, 0x0000000615800000|  0%| F|  |TAMS 0x0000000615600000, 0x0000000615600000| Untracked 
| 141|0x0000000615800000, 0x0000000615800000, 0x0000000615a00000|  0%| F|  |TAMS 0x0000000615800000, 0x0000000615800000| Untracked 
| 142|0x0000000615a00000, 0x0000000615a00000, 0x0000000615c00000|  0%| F|  |TAMS 0x0000000615a00000, 0x0000000615a00000| Untracked 
| 143|0x0000000615c00000, 0x0000000615c00000, 0x0000000615e00000|  0%| F|  |TAMS 0x0000000615c00000, 0x0000000615c00000| Untracked 
| 144|0x0000000615e00000, 0x0000000615e00000, 0x0000000616000000|  0%| F|  |TAMS 0x0000000615e00000, 0x0000000615e00000| Untracked 
| 145|0x0000000616000000, 0x0000000616000000, 0x0000000616200000|  0%| F|  |TAMS 0x0000000616000000, 0x0000000616000000| Untracked 
| 146|0x0000000616200000, 0x0000000616200000, 0x0000000616400000|  0%| F|  |TAMS 0x0000000616200000, 0x0000000616200000| Untracked 
| 147|0x0000000616400000, 0x0000000616400000, 0x0000000616600000|  0%| F|  |TAMS 0x0000000616400000, 0x0000000616400000| Untracked 
| 148|0x0000000616600000, 0x0000000616600000, 0x0000000616800000|  0%| F|  |TAMS 0x0000000616600000, 0x0000000616600000| Untracked 
| 149|0x0000000616800000, 0x0000000616800000, 0x0000000616a00000|  0%| F|  |TAMS 0x0000000616800000, 0x0000000616800000| Untracked 
| 150|0x0000000616a00000, 0x0000000616a00000, 0x0000000616c00000|  0%| F|  |TAMS 0x0000000616a00000, 0x0000000616a00000| Untracked 
| 151|0x0000000616c00000, 0x0000000616c00000, 0x0000000616e00000|  0%| F|  |TAMS 0x0000000616c00000, 0x0000000616c00000| Untracked 
| 152|0x0000000616e00000, 0x0000000616e00000, 0x0000000617000000|  0%| F|  |TAMS 0x0000000616e00000, 0x0000000616e00000| Untracked 
| 153|0x0000000617000000, 0x0000000617000000, 0x0000000617200000|  0%| F|  |TAMS 0x0000000617000000, 0x0000000617000000| Untracked 
| 154|0x0000000617200000, 0x0000000617200000, 0x0000000617400000|  0%| F|  |TAMS 0x0000000617200000, 0x0000000617200000| Untracked 
| 155|0x0000000617400000, 0x0000000617400000, 0x0000000617600000|  0%| F|  |TAMS 0x0000000617400000, 0x0000000617400000| Untracked 
| 156|0x0000000617600000, 0x0000000617600000, 0x0000000617800000|  0%| F|  |TAMS 0x0000000617600000, 0x0000000617600000| Untracked 
| 157|0x0000000617800000, 0x0000000617800000, 0x0000000617a00000|  0%| F|  |TAMS 0x0000000617800000, 0x0000000617800000| Untracked 
| 158|0x0000000617a00000, 0x0000000617a00000, 0x0000000617c00000|  0%| F|  |TAMS 0x0000000617a00000, 0x0000000617a00000| Untracked 
| 159|0x0000000617c00000, 0x0000000617c00000, 0x0000000617e00000|  0%| F|  |TAMS 0x0000000617c00000, 0x0000000617c00000| Untracked 
| 160|0x0000000617e00000, 0x0000000617e00000, 0x0000000618000000|  0%| F|  |TAMS 0x0000000617e00000, 0x0000000617e00000| Untracked 
| 161|0x0000000618000000, 0x0000000618000000, 0x0000000618200000|  0%| F|  |TAMS 0x0000000618000000, 0x0000000618000000| Untracked 
| 162|0x0000000618200000, 0x0000000618200000, 0x0000000618400000|  0%| F|  |TAMS 0x0000000618200000, 0x0000000618200000| Untracked 
| 163|0x0000000618400000, 0x0000000618400000, 0x0000000618600000|  0%| F|  |TAMS 0x0000000618400000, 0x0000000618400000| Untracked 
| 164|0x0000000618600000, 0x0000000618600000, 0x0000000618800000|  0%| F|  |TAMS 0x0000000618600000, 0x0000000618600000| Untracked 
| 165|0x0000000618800000, 0x0000000618900800, 0x0000000618a00000| 50%| E|  |TAMS 0x0000000618800000, 0x0000000618800000| Complete 
| 166|0x0000000618a00000, 0x0000000618c00000, 0x0000000618c00000|100%| E|CS|TAMS 0x0000000618a00000, 0x0000000618a00000| Complete 
| 167|0x0000000618c00000, 0x0000000618e00000, 0x0000000618e00000|100%| E|CS|TAMS 0x0000000618c00000, 0x0000000618c00000| Complete 
| 168|0x0000000618e00000, 0x0000000619000000, 0x0000000619000000|100%| E|CS|TAMS 0x0000000618e00000, 0x0000000618e00000| Complete 
| 169|0x0000000619000000, 0x0000000619200000, 0x0000000619200000|100%| E|CS|TAMS 0x0000000619000000, 0x0000000619000000| Complete 
| 170|0x0000000619200000, 0x0000000619400000, 0x0000000619400000|100%| E|CS|TAMS 0x0000000619200000, 0x0000000619200000| Complete 
| 171|0x0000000619400000, 0x0000000619600000, 0x0000000619600000|100%| E|CS|TAMS 0x0000000619400000, 0x0000000619400000| Complete 
| 172|0x0000000619600000, 0x0000000619800000, 0x0000000619800000|100%| E|CS|TAMS 0x0000000619600000, 0x0000000619600000| Complete 
| 173|0x0000000619800000, 0x0000000619a00000, 0x0000000619a00000|100%| E|CS|TAMS 0x0000000619800000, 0x0000000619800000| Complete 
| 174|0x0000000619a00000, 0x0000000619c00000, 0x0000000619c00000|100%| E|CS|TAMS 0x0000000619a00000, 0x0000000619a00000| Complete 
| 175|0x0000000619c00000, 0x0000000619e00000, 0x0000000619e00000|100%| E|CS|TAMS 0x0000000619c00000, 0x0000000619c00000| Complete 
| 176|0x0000000619e00000, 0x000000061a000000, 0x000000061a000000|100%| E|CS|TAMS 0x0000000619e00000, 0x0000000619e00000| Complete 
| 177|0x000000061a000000, 0x000000061a200000, 0x000000061a200000|100%| E|CS|TAMS 0x000000061a000000, 0x000000061a000000| Complete 
| 178|0x000000061a200000, 0x000000061a400000, 0x000000061a400000|100%| E|CS|TAMS 0x000000061a200000, 0x000000061a200000| Complete 
| 179|0x000000061a400000, 0x000000061a600000, 0x000000061a600000|100%| E|CS|TAMS 0x000000061a400000, 0x000000061a400000| Complete 
| 180|0x000000061a600000, 0x000000061a800000, 0x000000061a800000|100%| E|CS|TAMS 0x000000061a600000, 0x000000061a600000| Complete 
| 181|0x000000061a800000, 0x000000061aa00000, 0x000000061aa00000|100%| E|CS|TAMS 0x000000061a800000, 0x000000061a800000| Complete 
| 182|0x000000061aa00000, 0x000000061ac00000, 0x000000061ac00000|100%| E|CS|TAMS 0x000000061aa00000, 0x000000061aa00000| Complete 
| 183|0x000000061ac00000, 0x000000061ae00000, 0x000000061ae00000|100%| E|CS|TAMS 0x000000061ac00000, 0x000000061ac00000| Complete 
| 184|0x000000061ae00000, 0x000000061b000000, 0x000000061b000000|100%| E|CS|TAMS 0x000000061ae00000, 0x000000061ae00000| Complete 
| 185|0x000000061b000000, 0x000000061b200000, 0x000000061b200000|100%| E|CS|TAMS 0x000000061b000000, 0x000000061b000000| Complete 
| 186|0x000000061b200000, 0x000000061b400000, 0x000000061b400000|100%| E|CS|TAMS 0x000000061b200000, 0x000000061b200000| Complete 
| 187|0x000000061b400000, 0x000000061b600000, 0x000000061b600000|100%| E|CS|TAMS 0x000000061b400000, 0x000000061b400000| Complete 
| 188|0x000000061b600000, 0x000000061b800000, 0x000000061b800000|100%| E|CS|TAMS 0x000000061b600000, 0x000000061b600000| Complete 
| 189|0x000000061b800000, 0x000000061ba00000, 0x000000061ba00000|100%| E|CS|TAMS 0x000000061b800000, 0x000000061b800000| Complete 
| 190|0x000000061ba00000, 0x000000061bc00000, 0x000000061bc00000|100%| E|CS|TAMS 0x000000061ba00000, 0x000000061ba00000| Complete 
| 191|0x000000061bc00000, 0x000000061be00000, 0x000000061be00000|100%| E|CS|TAMS 0x000000061bc00000, 0x000000061bc00000| Complete 
| 192|0x000000061be00000, 0x000000061c000000, 0x000000061c000000|100%| E|CS|TAMS 0x000000061be00000, 0x000000061be00000| Complete 
| 193|0x000000061c000000, 0x000000061c200000, 0x000000061c200000|100%| E|CS|TAMS 0x000000061c000000, 0x000000061c000000| Complete 
| 194|0x000000061c200000, 0x000000061c400000, 0x000000061c400000|100%| E|CS|TAMS 0x000000061c200000, 0x000000061c200000| Complete 
| 195|0x000000061c400000, 0x000000061c600000, 0x000000061c600000|100%| E|CS|TAMS 0x000000061c400000, 0x000000061c400000| Complete 
| 196|0x000000061c600000, 0x000000061c800000, 0x000000061c800000|100%| E|CS|TAMS 0x000000061c600000, 0x000000061c600000| Complete 
| 197|0x000000061c800000, 0x000000061ca00000, 0x000000061ca00000|100%| E|CS|TAMS 0x000000061c800000, 0x000000061c800000| Complete 
| 198|0x000000061ca00000, 0x000000061cc00000, 0x000000061cc00000|100%| E|CS|TAMS 0x000000061ca00000, 0x000000061ca00000| Complete 
| 199|0x000000061cc00000, 0x000000061ce00000, 0x000000061ce00000|100%| E|CS|TAMS 0x000000061cc00000, 0x000000061cc00000| Complete 
| 200|0x000000061ce00000, 0x000000061d000000, 0x000000061d000000|100%| E|CS|TAMS 0x000000061ce00000, 0x000000061ce00000| Complete 
| 201|0x000000061d000000, 0x000000061d200000, 0x000000061d200000|100%| E|CS|TAMS 0x000000061d000000, 0x000000061d000000| Complete 
| 202|0x000000061d200000, 0x000000061d400000, 0x000000061d400000|100%| E|CS|TAMS 0x000000061d200000, 0x000000061d200000| Complete 
| 203|0x000000061d400000, 0x000000061d600000, 0x000000061d600000|100%| E|CS|TAMS 0x000000061d400000, 0x000000061d400000| Complete 
| 204|0x000000061d600000, 0x000000061d800000, 0x000000061d800000|100%| E|CS|TAMS 0x000000061d600000, 0x000000061d600000| Complete 
| 205|0x000000061d800000, 0x000000061da00000, 0x000000061da00000|100%| E|CS|TAMS 0x000000061d800000, 0x000000061d800000| Complete 
| 206|0x000000061da00000, 0x000000061dc00000, 0x000000061dc00000|100%| E|CS|TAMS 0x000000061da00000, 0x000000061da00000| Complete 
| 207|0x000000061dc00000, 0x000000061de00000, 0x000000061de00000|100%| E|CS|TAMS 0x000000061dc00000, 0x000000061dc00000| Complete 
| 208|0x000000061de00000, 0x000000061e000000, 0x000000061e000000|100%| E|CS|TAMS 0x000000061de00000, 0x000000061de00000| Complete 
| 209|0x000000061e000000, 0x000000061e200000, 0x000000061e200000|100%| E|CS|TAMS 0x000000061e000000, 0x000000061e000000| Complete 
| 210|0x000000061e200000, 0x000000061e400000, 0x000000061e400000|100%| E|CS|TAMS 0x000000061e200000, 0x000000061e200000| Complete 
| 211|0x000000061e400000, 0x000000061e600000, 0x000000061e600000|100%| E|CS|TAMS 0x000000061e400000, 0x000000061e400000| Complete 
| 212|0x000000061e600000, 0x000000061e800000, 0x000000061e800000|100%| E|CS|TAMS 0x000000061e600000, 0x000000061e600000| Complete 
| 213|0x000000061e800000, 0x000000061ea00000, 0x000000061ea00000|100%| E|CS|TAMS 0x000000061e800000, 0x000000061e800000| Complete 
| 214|0x000000061ea00000, 0x000000061ec00000, 0x000000061ec00000|100%| E|CS|TAMS 0x000000061ea00000, 0x000000061ea00000| Complete 
| 215|0x000000061ec00000, 0x000000061ee00000, 0x000000061ee00000|100%| E|CS|TAMS 0x000000061ec00000, 0x000000061ec00000| Complete 
| 216|0x000000061ee00000, 0x000000061f000000, 0x000000061f000000|100%| E|CS|TAMS 0x000000061ee00000, 0x000000061ee00000| Complete 
| 217|0x000000061f000000, 0x000000061f200000, 0x000000061f200000|100%| E|CS|TAMS 0x000000061f000000, 0x000000061f000000| Complete 
| 218|0x000000061f200000, 0x000000061f400000, 0x000000061f400000|100%| E|CS|TAMS 0x000000061f200000, 0x000000061f200000| Complete 
| 219|0x000000061f400000, 0x000000061f600000, 0x000000061f600000|100%| E|CS|TAMS 0x000000061f400000, 0x000000061f400000| Complete 
| 220|0x000000061f600000, 0x000000061f800000, 0x000000061f800000|100%| E|CS|TAMS 0x000000061f600000, 0x000000061f600000| Complete 
| 221|0x000000061f800000, 0x000000061fa00000, 0x000000061fa00000|100%| E|CS|TAMS 0x000000061f800000, 0x000000061f800000| Complete 
| 222|0x000000061fa00000, 0x000000061fc00000, 0x000000061fc00000|100%| E|CS|TAMS 0x000000061fa00000, 0x000000061fa00000| Complete 
| 223|0x000000061fc00000, 0x000000061fe00000, 0x000000061fe00000|100%| E|CS|TAMS 0x000000061fc00000, 0x000000061fc00000| Complete 
| 224|0x000000061fe00000, 0x0000000620000000, 0x0000000620000000|100%| E|CS|TAMS 0x000000061fe00000, 0x000000061fe00000| Complete 
| 225|0x0000000620000000, 0x0000000620200000, 0x0000000620200000|100%| E|CS|TAMS 0x0000000620000000, 0x0000000620000000| Complete 
| 226|0x0000000620200000, 0x0000000620400000, 0x0000000620400000|100%| E|CS|TAMS 0x0000000620200000, 0x0000000620200000| Complete 
| 227|0x0000000620400000, 0x0000000620600000, 0x0000000620600000|100%| E|CS|TAMS 0x0000000620400000, 0x0000000620400000| Complete 
| 228|0x0000000620600000, 0x0000000620800000, 0x0000000620800000|100%| E|CS|TAMS 0x0000000620600000, 0x0000000620600000| Complete 
| 229|0x0000000620800000, 0x0000000620a00000, 0x0000000620a00000|100%| E|CS|TAMS 0x0000000620800000, 0x0000000620800000| Complete 
| 230|0x0000000620a00000, 0x0000000620c00000, 0x0000000620c00000|100%| E|CS|TAMS 0x0000000620a00000, 0x0000000620a00000| Complete 
| 231|0x0000000620c00000, 0x0000000620e00000, 0x0000000620e00000|100%| E|CS|TAMS 0x0000000620c00000, 0x0000000620c00000| Complete 
| 232|0x0000000620e00000, 0x0000000621000000, 0x0000000621000000|100%| E|CS|TAMS 0x0000000620e00000, 0x0000000620e00000| Complete 
| 233|0x0000000621000000, 0x0000000621200000, 0x0000000621200000|100%| E|CS|TAMS 0x0000000621000000, 0x0000000621000000| Complete 
| 234|0x0000000621200000, 0x0000000621400000, 0x0000000621400000|100%| E|CS|TAMS 0x0000000621200000, 0x0000000621200000| Complete 
| 235|0x0000000621400000, 0x0000000621600000, 0x0000000621600000|100%| E|CS|TAMS 0x0000000621400000, 0x0000000621400000| Complete 
| 236|0x0000000621600000, 0x0000000621800000, 0x0000000621800000|100%| E|CS|TAMS 0x0000000621600000, 0x0000000621600000| Complete 
| 237|0x0000000621800000, 0x0000000621a00000, 0x0000000621a00000|100%| E|CS|TAMS 0x0000000621800000, 0x0000000621800000| Complete 
| 238|0x0000000621a00000, 0x0000000621c00000, 0x0000000621c00000|100%| E|CS|TAMS 0x0000000621a00000, 0x0000000621a00000| Complete 
| 239|0x0000000621c00000, 0x0000000621e00000, 0x0000000621e00000|100%| E|CS|TAMS 0x0000000621c00000, 0x0000000621c00000| Complete 
| 240|0x0000000621e00000, 0x0000000622000000, 0x0000000622000000|100%| E|CS|TAMS 0x0000000621e00000, 0x0000000621e00000| Complete 
| 241|0x0000000622000000, 0x0000000622200000, 0x0000000622200000|100%| E|CS|TAMS 0x0000000622000000, 0x0000000622000000| Complete 
| 242|0x0000000622200000, 0x0000000622400000, 0x0000000622400000|100%| E|CS|TAMS 0x0000000622200000, 0x0000000622200000| Complete 
| 243|0x0000000622400000, 0x0000000622600000, 0x0000000622600000|100%| E|CS|TAMS 0x0000000622400000, 0x0000000622400000| Complete 
| 244|0x0000000622600000, 0x0000000622800000, 0x0000000622800000|100%| E|CS|TAMS 0x0000000622600000, 0x0000000622600000| Complete 
| 245|0x0000000622800000, 0x0000000622a00000, 0x0000000622a00000|100%| E|CS|TAMS 0x0000000622800000, 0x0000000622800000| Complete 
| 246|0x0000000622a00000, 0x0000000622c00000, 0x0000000622c00000|100%| E|CS|TAMS 0x0000000622a00000, 0x0000000622a00000| Complete 
| 247|0x0000000622c00000, 0x0000000622e00000, 0x0000000622e00000|100%| E|CS|TAMS 0x0000000622c00000, 0x0000000622c00000| Complete 
| 248|0x0000000622e00000, 0x0000000623000000, 0x0000000623000000|100%| E|CS|TAMS 0x0000000622e00000, 0x0000000622e00000| Complete 
| 249|0x0000000623000000, 0x0000000623200000, 0x0000000623200000|100%| E|CS|TAMS 0x0000000623000000, 0x0000000623000000| Complete 
| 250|0x0000000623200000, 0x0000000623400000, 0x0000000623400000|100%| E|CS|TAMS 0x0000000623200000, 0x0000000623200000| Complete 
| 251|0x0000000623400000, 0x0000000623600000, 0x0000000623600000|100%| E|CS|TAMS 0x0000000623400000, 0x0000000623400000| Complete 
| 252|0x0000000623600000, 0x0000000623800000, 0x0000000623800000|100%| E|CS|TAMS 0x0000000623600000, 0x0000000623600000| Complete 
| 253|0x0000000623800000, 0x0000000623a00000, 0x0000000623a00000|100%| E|CS|TAMS 0x0000000623800000, 0x0000000623800000| Complete 
| 254|0x0000000623a00000, 0x0000000623c00000, 0x0000000623c00000|100%| E|CS|TAMS 0x0000000623a00000, 0x0000000623a00000| Complete 

Card table byte_map: [0x000000001ba80000,0x000000001ca70000] _byte_map_base: 0x0000000018a61000

Marking Bits (Prev, Next): (CMBitMap*) 0x00000000032c8a10, (CMBitMap*) 0x00000000032c89d8
 Prev Bits: [0x0000000025970000, 0x000000002d878000)
 Next Bits: [0x000000001da60000, 0x0000000025968000)

Polling page: 0x0000000000cc0000

Metaspace:

Usage:
  Non-class:     60.05 MB capacity,    58.33 MB ( 97%) used,     1.33 MB (  2%) free+waste,   387.50 KB ( <1%) overhead. 
      Class:     10.16 MB capacity,     8.81 MB ( 87%) used,     1.17 MB ( 12%) free+waste,   189.38 KB (  2%) overhead. 
       Both:     70.21 MB capacity,    67.14 MB ( 96%) used,     2.51 MB (  4%) free+waste,   576.88 KB ( <1%) overhead. 

Virtual space:
  Non-class space:       62.00 MB reserved,      60.21 MB ( 97%) committed 
      Class space:        1.00 GB reserved,      10.25 MB (  1%) committed 
             Both:        1.06 GB reserved,      70.45 MB (  6%) committed 

Chunk freelists:
   Non-Class:  4.63 KB
       Class:  0 bytes
        Both:  4.63 KB

CodeHeap 'non-profiled nmethods': size=120000Kb used=5760Kb max_used=5760Kb free=114239Kb
 bounds [0x0000000013010000, 0x00000000135c0000, 0x000000001a540000]
CodeHeap 'profiled nmethods': size=120000Kb used=22187Kb max_used=22187Kb free=97813Kb
 bounds [0x000000000bae0000, 0x000000000d090000, 0x0000000013010000]
CodeHeap 'non-nmethods': size=5760Kb used=1584Kb max_used=1650Kb free=4175Kb
 bounds [0x000000000b540000, 0x000000000b7b0000, 0x000000000bae0000]
 total_blobs=14006 nmethods=10063 adapters=1028
 compilation: enabled
              stopped_count=0, restarted_count=0
 full_count=0

Compilation events (10 events):
Event: 14.467 Thread 0x000000003157f800 nmethod 10372 0x000000000bdde010 code [0x000000000bdde1c0, 0x000000000bdde370]
Event: 14.467 Thread 0x000000003157f800 10373       2       javafx.css.StyleableDoubleProperty::applyStyle (11 bytes)
Event: 14.467 Thread 0x000000003157f800 nmethod 10373 0x000000000bdddb90 code [0x000000000bdddd40, 0x000000000bdddf30]
Event: 14.470 Thread 0x000000003157f800 10375       2       javafx.scene.control.SkinBase::getCssMetaData (4 bytes)
Event: 14.470 Thread 0x000000003157f800 nmethod 10375 0x000000000bc59710 code [0x000000000bc598c0, 0x000000000bc59a18]
Event: 14.472 Thread 0x000000003157f800 10376       2       com.sun.javafx.util.WeakReferenceQueue$1::hasNext (82 bytes)
Event: 14.472 Thread 0x000000003157f800 nmethod 10376 0x000000000bddd390 code [0x000000000bddd560, 0x000000000bddd9f8]
Event: 14.474 Thread 0x000000003157f800 10377       2       com.sun.prism.BasicStroke::accumulateJoin (91 bytes)
Event: 14.474 Thread 0x000000003157f800 nmethod 10377 0x000000000bddef10 code [0x000000000bddf0e0, 0x000000000bddf370]
Event: 14.474 Thread 0x000000003157f800 10378       2       com.sun.prism.BasicStroke::accumulateMiter (204 bytes)

GC Heap History (10 events):
Event: 5.214 GC heap before
{Heap before GC invocations=5 (full 0):
 garbage-first heap   total 522240K, used 62696K [0x0000000603e00000, 0x0000000800000000)
  region size 2048K, 28 young (57344K), 4 survivors (8192K)
 Metaspace       used 48157K, capacity 50145K, committed 50384K, reserved 1091584K
  class space    used 6524K, capacity 7394K, committed 7420K, reserved 1048576K
}
Event: 5.231 GC heap after
{Heap after GC invocations=6 (full 0):
 garbage-first heap   total 522240K, used 20268K [0x0000000603e00000, 0x0000000800000000)
  region size 2048K, 3 young (6144K), 3 survivors (6144K)
 Metaspace       used 48157K, capacity 50145K, committed 50384K, reserved 1091584K
  class space    used 6524K, capacity 7394K, committed 7420K, reserved 1048576K
}
Event: 7.556 GC heap before
{Heap before GC invocations=7 (full 0):
 garbage-first heap   total 522240K, used 112428K [0x0000000603e00000, 0x0000000800000000)
  region size 2048K, 47 young (96256K), 3 survivors (6144K)
 Metaspace       used 54064K, capacity 56516K, committed 56784K, reserved 1097728K
  class space    used 7284K, capacity 8329K, committed 8444K, reserved 1048576K
}
Event: 7.565 GC heap after
{Heap after GC invocations=8 (full 0):
 garbage-first heap   total 522240K, used 26776K [0x0000000603e00000, 0x0000000800000000)
  region size 2048K, 5 young (10240K), 5 survivors (10240K)
 Metaspace       used 54064K, capacity 56516K, committed 56784K, reserved 1097728K
  class space    used 7284K, capacity 8329K, committed 8444K, reserved 1048576K
}
Event: 8.067 GC heap before
{Heap before GC invocations=8 (full 0):
 garbage-first heap   total 522240K, used 168088K [0x0000000603e00000, 0x0000000800000000)
  region size 2048K, 76 young (155648K), 5 survivors (10240K)
 Metaspace       used 55256K, capacity 57722K, committed 57936K, reserved 1099776K
  class space    used 7435K, capacity 8498K, committed 8572K, reserved 1048576K
}
Event: 8.078 GC heap after
{Heap after GC invocations=9 (full 0):
 garbage-first heap   total 522240K, used 31337K [0x0000000603e00000, 0x0000000800000000)
  region size 2048K, 7 young (14336K), 7 survivors (14336K)
 Metaspace       used 55256K, capacity 57722K, committed 57936K, reserved 1099776K
  class space    used 7435K, capacity 8498K, committed 8572K, reserved 1048576K
}
Event: 8.716 GC heap before
{Heap before GC invocations=9 (full 0):
 garbage-first heap   total 522240K, used 219753K [0x0000000603e00000, 0x0000000800000000)
  region size 2048K, 100 young (204800K), 7 survivors (14336K)
 Metaspace       used 57329K, capacity 59905K, committed 59984K, reserved 1099776K
  class space    used 7680K, capacity 8796K, committed 8828K, reserved 1048576K
}
Event: 8.733 GC heap after
{Heap after GC invocations=10 (full 0):
 garbage-first heap   total 522240K, used 43695K [0x0000000603e00000, 0x0000000800000000)
  region size 2048K, 11 young (22528K), 11 survivors (22528K)
 Metaspace       used 57329K, capacity 59905K, committed 59984K, reserved 1099776K
  class space    used 7680K, capacity 8796K, committed 8828K, reserved 1048576K
}
Event: 10.469 GC heap before
{Heap before GC invocations=10 (full 0):
 garbage-first heap   total 522240K, used 330415K [0x0000000603e00000, 0x0000000800000000)
  region size 2048K, 152 young (311296K), 11 survivors (22528K)
 Metaspace       used 64476K, capacity 67116K, committed 67280K, reserved 1107968K
  class space    used 8469K, capacity 9614K, committed 9724K, reserved 1048576K
}
Event: 10.488 GC heap after
{Heap after GC invocations=11 (full 0):
 garbage-first heap   total 522240K, used 47967K [0x0000000603e00000, 0x0000000800000000)
  region size 2048K, 11 young (22528K), 11 survivors (22528K)
 Metaspace       used 64476K, capacity 67116K, committed 67280K, reserved 1107968K
  class space    used 8469K, capacity 9614K, committed 9724K, reserved 1048576K
}

Deoptimization events (10 events):
Event: 13.815 Thread 0x00000000331d5000 Uncommon trap: reason=class_check action=maybe_recompile pc=0x000000001345e560 method=org.reactfx.collection.InvalidationListenerWrapper.onChange(Lorg/reactfx/collection/QuasiListChange;)V @ 4 c2
Event: 13.968 Thread 0x00000000331d5000 Uncommon trap: reason=bimorphic_or_optimized_type_check action=maybe_recompile pc=0x000000001338c4ec method=com.sun.javafx.collections.VetoableListDecorator.size()I @ 4 c2
Event: 14.092 Thread 0x00000000331d5000 Uncommon trap: reason=class_check action=maybe_recompile pc=0x000000001343d710 method=org.reactfx.util.FingerTree$Branch.getSummaryBetween0(IILorg/reactfx/util/LL;)Ljava/lang/Object; @ 77 c2
Event: 14.131 Thread 0x00000000331d5000 Uncommon trap: reason=class_check action=maybe_recompile pc=0x000000001343d710 method=org.reactfx.util.FingerTree$Branch.getSummaryBetween0(IILorg/reactfx/util/LL;)Ljava/lang/Object; @ 77 c2
Event: 14.131 Thread 0x00000000331d5000 Uncommon trap: reason=class_check action=maybe_recompile pc=0x000000001343d710 method=org.reactfx.util.FingerTree$Branch.getSummaryBetween0(IILorg/reactfx/util/LL;)Ljava/lang/Object; @ 77 c2
Event: 14.133 Thread 0x00000000331d5000 Uncommon trap: reason=class_check action=maybe_recompile pc=0x000000001343d710 method=org.reactfx.util.FingerTree$Branch.getSummaryBetween0(IILorg/reactfx/util/LL;)Ljava/lang/Object; @ 77 c2
Event: 14.133 Thread 0x00000000331d5000 Uncommon trap: reason=class_check action=maybe_recompile pc=0x0000000013443a34 method=org.reactfx.util.FingerTree$Branch.getSummaryBetween0(IILorg/reactfx/util/LL;)Ljava/lang/Object; @ 77 c2
Event: 14.291 Thread 0x00000000331d5000 Uncommon trap: reason=unstable_if action=reinterpret pc=0x000000001359f200 method=javafx.scene.Parent.setChildDirty(Ljavafx/scene/Node;Z)V @ 51 c2
Event: 14.341 Thread 0x00000000331d5000 Uncommon trap: reason=class_check action=maybe_recompile pc=0x00000000134947d8 method=javafx.scene.Node$MiscProperties.getEffect()Ljavafx/scene/effect/Effect; @ 20 c2
Event: 14.342 Thread 0x00000000331d5000 Uncommon trap: reason=class_check action=maybe_recompile pc=0x0000000013334194 method=javafx.scene.Node.updateLocalToParentTransform()V @ 368 c2

Classes redefined (0 events):
No events

Internal exceptions (10 events):
Event: 13.696 Thread 0x00000000331d5000 Exception <a 'java/lang/NoSuchMethodError'{0x000000061ad54050}: java.lang.invoke.Invokers$Holder.linkToTargetMethod(IIIILjava/lang/Object;)Ljava/lang/Object;> (0x000000061ad54050) thrown at [t:/workspace/open/src/hotspot/share/interpreter/linkResolver.cpp
Event: 13.732 Thread 0x00000000331d5000 Exception <a 'java/lang/IncompatibleClassChangeError'{0x000000061add3c20}: Found class java.lang.Object, but interface was expected> (0x000000061add3c20) thrown at [t:/workspace/open/src/hotspot/share/interpreter/linkResolver.cpp, line 838]
Event: 13.822 Thread 0x000000003719e000 Exception <a 'sun/nio/fs/WindowsException'{0x000000061a9eba58}> (0x000000061a9eba58) thrown at [t:/workspace/open/src/hotspot/share/prims/jni.cpp, line 615]
Event: 13.822 Thread 0x000000003719e000 Exception <a 'sun/nio/fs/WindowsException'{0x000000061a9ebed8}> (0x000000061a9ebed8) thrown at [t:/workspace/open/src/hotspot/share/prims/jni.cpp, line 615]
Event: 13.822 Thread 0x000000003719e000 Exception <a 'sun/nio/fs/WindowsException'{0x000000061a9ed0b0}> (0x000000061a9ed0b0) thrown at [t:/workspace/open/src/hotspot/share/prims/jni.cpp, line 615]
Event: 13.822 Thread 0x000000003719e000 Exception <a 'sun/nio/fs/WindowsException'{0x000000061a9ed530}> (0x000000061a9ed530) thrown at [t:/workspace/open/src/hotspot/share/prims/jni.cpp, line 615]
Event: 13.823 Thread 0x000000003719e000 Exception <a 'sun/nio/fs/WindowsException'{0x000000061a9f1fc0}> (0x000000061a9f1fc0) thrown at [t:/workspace/open/src/hotspot/share/prims/jni.cpp, line 615]
Event: 13.823 Thread 0x000000003719e000 Exception <a 'sun/nio/fs/WindowsException'{0x000000061a9f2480}> (0x000000061a9f2480) thrown at [t:/workspace/open/src/hotspot/share/prims/jni.cpp, line 615]
Event: 13.823 Thread 0x000000003719e000 Exception <a 'sun/nio/fs/WindowsException'{0x000000061a9fabf8}> (0x000000061a9fabf8) thrown at [t:/workspace/open/src/hotspot/share/prims/jni.cpp, line 615]
Event: 13.823 Thread 0x000000003719e000 Exception <a 'sun/nio/fs/WindowsException'{0x000000061a9fb0b8}> (0x000000061a9fb0b8) thrown at [t:/workspace/open/src/hotspot/share/prims/jni.cpp, line 615]

Events (10 events):
Event: 14.366 loading class bluej/editor/stride/FXTabbedEditor$CodeCompletionState done
Event: 14.367 loading class bluej/editor/stride/FrameCatalogue
Event: 14.367 loading class bluej/editor/stride/FrameCatalogue done
Event: 14.367 Thread 0x0000000033213000 DEOPT PACKING pc=0x000000000cdaaa7d sp=0x0000000033c7b130
Event: 14.367 Thread 0x0000000033213000 DEOPT UNPACKING pc=0x000000000b568fce sp=0x0000000033c7a548 mode 0
Event: 14.473 Executing VM operation: RevokeBias
Event: 14.473 Executing VM operation: RevokeBias done
Event: 14.473 Executing VM operation: RevokeBias
Event: 14.473 Executing VM operation: RevokeBias done
Event: 14.473 Thread 0x0000000037198000 Thread exited: 0x0000000037198000


Dynamic libraries:
0x0000000000400000 - 0x00000000004d2000 	C:\Program Files\BlueJ\BlueJ.exe
0x00007ffc33d80000 - 0x00007ffc33f70000 	C:\Windows\SYSTEM32\ntdll.dll
0x00007ffc33ae0000 - 0x00007ffc33b92000 	C:\Windows\System32\KERNEL32.DLL
0x00007ffc31660000 - 0x00007ffc31905000 	C:\Windows\System32\KERNELBASE.dll
0x00007ffc32aa0000 - 0x00007ffc32b3e000 	C:\Windows\System32\msvcrt.dll
0x00007ffc32240000 - 0x00007ffc32927000 	C:\Windows\System32\SHELL32.dll
0x00007ffc31530000 - 0x00007ffc3162a000 	C:\Windows\System32\ucrtbase.dll
0x00007ffc31c40000 - 0x00007ffc31c8a000 	C:\Windows\System32\cfgmgr32.dll
0x00007ffc335c0000 - 0x00007ffc33669000 	C:\Windows\System32\shcore.dll
0x00007ffc33440000 - 0x00007ffc33560000 	C:\Windows\System32\RPCRT4.dll
0x00007ffc31e30000 - 0x00007ffc32165000 	C:\Windows\System32\combase.dll
0x00007ffc31bc0000 - 0x00007ffc31c40000 	C:\Windows\System32\bcryptPrimitives.dll
0x00007ffc30d00000 - 0x00007ffc31481000 	C:\Windows\System32\windows.storage.dll
0x00007ffc31490000 - 0x00007ffc3152e000 	C:\Windows\System32\msvcp_win.dll
0x00007ffc32cf0000 - 0x00007ffc32d87000 	C:\Windows\System32\sechost.dll
0x00007ffc32d90000 - 0x00007ffc32e33000 	C:\Windows\System32\advapi32.dll
0x00007ffc30cb0000 - 0x00007ffc30cd3000 	C:\Windows\System32\profapi.dll
0x00007ffc30c40000 - 0x00007ffc30c8a000 	C:\Windows\System32\powrprof.dll
0x00007ffc30c30000 - 0x00007ffc30c40000 	C:\Windows\System32\UMPDC.dll
0x00007ffc33560000 - 0x00007ffc335b2000 	C:\Windows\System32\shlwapi.dll
0x00007ffc33d10000 - 0x00007ffc33d36000 	C:\Windows\System32\GDI32.dll
0x00007ffc31e00000 - 0x00007ffc31e21000 	C:\Windows\System32\win32u.dll
0x00007ffc31910000 - 0x00007ffc31aa6000 	C:\Windows\System32\gdi32full.dll
0x00007ffc33240000 - 0x00007ffc333d4000 	C:\Windows\System32\USER32.dll
0x00007ffc30c90000 - 0x00007ffc30ca1000 	C:\Windows\System32\kernel.appcore.dll
0x00007ffc31de0000 - 0x00007ffc31df7000 	C:\Windows\System32\cryptsp.dll
0x00007ffc2bd20000 - 0x00007ffc2bd2a000 	C:\Windows\SYSTEM32\VERSION.dll
0x00007ffc32a70000 - 0x00007ffc32a9e000 	C:\Windows\System32\IMM32.DLL
0x00007ffba5580000 - 0x00007ffba60a3000 	C:\Program Files\BlueJ\jdk\bin\server\jvm.dll
0x00007ffc33ba0000 - 0x00007ffc33ba8000 	C:\Windows\System32\PSAPI.DLL
0x00007ffc07730000 - 0x00007ffc07739000 	C:\Windows\SYSTEM32\WSOCK32.dll
0x00007ffc154d0000 - 0x00007ffc154f4000 	C:\Windows\SYSTEM32\WINMM.dll
0x00007ffc23400000 - 0x00007ffc23416000 	C:\Program Files\BlueJ\jdk\bin\VCRUNTIME140.dll
0x00007ffc331b0000 - 0x00007ffc3321f000 	C:\Windows\System32\WS2_32.dll
0x00007ffc1ec30000 - 0x00007ffc1ec5d000 	C:\Windows\SYSTEM32\winmmbase.dll
0x00007ffc23220000 - 0x00007ffc23231000 	C:\Program Files\BlueJ\jdk\bin\verify.dll
0x00007ffc2f1f0000 - 0x00007ffc2f3e4000 	C:\Windows\SYSTEM32\DBGHELP.DLL
0x00007ffc2b1b0000 - 0x00007ffc2b1da000 	C:\Windows\SYSTEM32\dbgcore.DLL
0x00007ffc1cdf0000 - 0x00007ffc1ce18000 	C:\Program Files\BlueJ\jdk\bin\java.dll
0x00007ffc1be20000 - 0x00007ffc1be36000 	C:\Program Files\BlueJ\jdk\bin\zip.dll
0x00007ffc2b3f0000 - 0x00007ffc2b3fa000 	C:\Program Files\BlueJ\jdk\bin\jimage.dll
0x00007ffc1a080000 - 0x00007ffc1a099000 	C:\Program Files\BlueJ\jdk\bin\net.dll
0x00007ffc26380000 - 0x00007ffc26556000 	C:\Windows\SYSTEM32\urlmon.dll
0x00007ffc2e440000 - 0x00007ffc2e530000 	C:\Windows\SYSTEM32\WINHTTP.dll
0x00007ffc24eb0000 - 0x00007ffc25157000 	C:\Windows\SYSTEM32\iertutil.dll
0x00007ffc30650000 - 0x00007ffc3065c000 	C:\Windows\SYSTEM32\CRYPTBASE.DLL
0x00007ffc30480000 - 0x00007ffc304e7000 	C:\Windows\system32\mswsock.dll
0x00007ffc187a0000 - 0x00007ffc187b3000 	C:\Program Files\BlueJ\jdk\bin\nio.dll
0x0000000180000000 - 0x0000000180003000 	C:\Program Files\BlueJ\lib\javafx\bin\api-ms-win-core-console-l1-1-0.dll
0x0000000000d00000 - 0x0000000000d03000 	C:\Program Files\BlueJ\lib\javafx\bin\api-ms-win-core-datetime-l1-1-0.dll
0x0000000003110000 - 0x0000000003113000 	C:\Program Files\BlueJ\lib\javafx\bin\api-ms-win-core-debug-l1-1-0.dll
0x0000000003120000 - 0x0000000003123000 	C:\Program Files\BlueJ\lib\javafx\bin\api-ms-win-core-errorhandling-l1-1-0.dll
0x0000000003130000 - 0x0000000003134000 	C:\Program Files\BlueJ\lib\javafx\bin\api-ms-win-core-file-l1-1-0.dll
0x0000000003140000 - 0x0000000003143000 	C:\Program Files\BlueJ\lib\javafx\bin\api-ms-win-core-file-l1-2-0.dll
0x0000000003150000 - 0x0000000003153000 	C:\Program Files\BlueJ\lib\javafx\bin\api-ms-win-core-file-l2-1-0.dll
0x0000000003160000 - 0x0000000003163000 	C:\Program Files\BlueJ\lib\javafx\bin\api-ms-win-core-handle-l1-1-0.dll
0x0000000003170000 - 0x0000000003173000 	C:\Program Files\BlueJ\lib\javafx\bin\api-ms-win-core-heap-l1-1-0.dll
0x0000000003180000 - 0x0000000003183000 	C:\Program Files\BlueJ\lib\javafx\bin\api-ms-win-core-interlocked-l1-1-0.dll
0x0000000003190000 - 0x0000000003193000 	C:\Program Files\BlueJ\lib\javafx\bin\api-ms-win-core-libraryloader-l1-1-0.dll
0x00000000031a0000 - 0x00000000031a3000 	C:\Program Files\BlueJ\lib\javafx\bin\api-ms-win-core-localization-l1-2-0.dll
0x00000000031b0000 - 0x00000000031b3000 	C:\Program Files\BlueJ\lib\javafx\bin\api-ms-win-core-memory-l1-1-0.dll
0x00000000031c0000 - 0x00000000031c3000 	C:\Program Files\BlueJ\lib\javafx\bin\api-ms-win-core-namedpipe-l1-1-0.dll
0x00000000031d0000 - 0x00000000031d3000 	C:\Program Files\BlueJ\lib\javafx\bin\api-ms-win-core-processenvironment-l1-1-0.dll
0x00000000031e0000 - 0x00000000031e3000 	C:\Program Files\BlueJ\lib\javafx\bin\api-ms-win-core-processthreads-l1-1-0.dll
0x00000000031f0000 - 0x00000000031f3000 	C:\Program Files\BlueJ\lib\javafx\bin\api-ms-win-core-processthreads-l1-1-1.dll
0x0000000033910000 - 0x0000000033913000 	C:\Program Files\BlueJ\lib\javafx\bin\api-ms-win-core-profile-l1-1-0.dll
0x0000000033920000 - 0x0000000033923000 	C:\Program Files\BlueJ\lib\javafx\bin\api-ms-win-core-rtlsupport-l1-1-0.dll
0x0000000033930000 - 0x0000000033933000 	C:\Program Files\BlueJ\lib\javafx\bin\api-ms-win-core-string-l1-1-0.dll
0x0000000033940000 - 0x0000000033943000 	C:\Program Files\BlueJ\lib\javafx\bin\api-ms-win-core-synch-l1-1-0.dll
0x0000000033950000 - 0x0000000033953000 	C:\Program Files\BlueJ\lib\javafx\bin\api-ms-win-core-synch-l1-2-0.dll
0x0000000033960000 - 0x0000000033963000 	C:\Program Files\BlueJ\lib\javafx\bin\api-ms-win-core-sysinfo-l1-1-0.dll
0x0000000033970000 - 0x0000000033973000 	C:\Program Files\BlueJ\lib\javafx\bin\api-ms-win-core-timezone-l1-1-0.dll
0x0000000033980000 - 0x0000000033983000 	C:\Program Files\BlueJ\lib\javafx\bin\api-ms-win-core-util-l1-1-0.dll
0x0000000033990000 - 0x0000000033993000 	C:\Program Files\BlueJ\lib\javafx\bin\api-ms-win-crt-conio-l1-1-0.dll
0x00000000339a0000 - 0x00000000339a4000 	C:\Program Files\BlueJ\lib\javafx\bin\api-ms-win-crt-convert-l1-1-0.dll
0x00000000339b0000 - 0x00000000339b3000 	C:\Program Files\BlueJ\lib\javafx\bin\api-ms-win-crt-environment-l1-1-0.dll
0x00000000339c0000 - 0x00000000339c3000 	C:\Program Files\BlueJ\lib\javafx\bin\api-ms-win-crt-filesystem-l1-1-0.dll
0x00000000339d0000 - 0x00000000339d3000 	C:\Program Files\BlueJ\lib\javafx\bin\api-ms-win-crt-heap-l1-1-0.dll
0x00000000339e0000 - 0x00000000339e3000 	C:\Program Files\BlueJ\lib\javafx\bin\api-ms-win-crt-locale-l1-1-0.dll
0x00000000339f0000 - 0x00000000339f5000 	C:\Program Files\BlueJ\lib\javafx\bin\api-ms-win-crt-math-l1-1-0.dll
0x0000000033a00000 - 0x0000000033a05000 	C:\Program Files\BlueJ\lib\javafx\bin\api-ms-win-crt-multibyte-l1-1-0.dll
0x0000000033a10000 - 0x0000000033a20000 	C:\Program Files\BlueJ\lib\javafx\bin\api-ms-win-crt-private-l1-1-0.dll
0x0000000033a20000 - 0x0000000033a23000 	C:\Program Files\BlueJ\lib\javafx\bin\api-ms-win-crt-process-l1-1-0.dll
0x0000000033a30000 - 0x0000000033a34000 	C:\Program Files\BlueJ\lib\javafx\bin\api-ms-win-crt-runtime-l1-1-0.dll
0x0000000033a40000 - 0x0000000033a44000 	C:\Program Files\BlueJ\lib\javafx\bin\api-ms-win-crt-stdio-l1-1-0.dll
0x0000000033a50000 - 0x0000000033a54000 	C:\Program Files\BlueJ\lib\javafx\bin\api-ms-win-crt-string-l1-1-0.dll
0x0000000033a60000 - 0x0000000033a63000 	C:\Program Files\BlueJ\lib\javafx\bin\api-ms-win-crt-time-l1-1-0.dll
0x0000000033a70000 - 0x0000000033a73000 	C:\Program Files\BlueJ\lib\javafx\bin\api-ms-win-crt-utility-l1-1-0.dll
0x00007ffc12110000 - 0x00007ffc1220a000 	C:\Program Files\BlueJ\lib\javafx\bin\ucrtbase.dll
0x00007ffc186d0000 - 0x00007ffc186e6000 	C:\Program Files\BlueJ\lib\javafx\bin\vcruntime140.dll
0x00007ffc13200000 - 0x00007ffc132a6000 	C:\Program Files\BlueJ\lib\javafx\bin\msvcp140.dll
0x00007ffc16270000 - 0x00007ffc162c1000 	C:\Program Files\BlueJ\lib\javafx\bin\concrt140.dll
0x00007ffc163d0000 - 0x00007ffc163f3000 	C:\Program Files\BlueJ\lib\javafx\bin\prism_d3d.dll
0x00007ffbf2430000 - 0x00007ffbf25f7000 	C:\Windows\system32\d3d9.dll
0x00007ffc2ee10000 - 0x00007ffc2ee3d000 	C:\Windows\SYSTEM32\dwmapi.dll
0x00007ffc2f700000 - 0x00007ffc2f720000 	C:\Windows\SYSTEM32\dxcore.dll
0x00007ffc2e9e0000 - 0x00007ffc2ea79000 	C:\Windows\system32\uxtheme.dll
0x00007ffbfcab0000 - 0x00007ffbfcc0d000 	C:\Windows\System32\DriverStore\FileRepository\iigd_dch.inf_amd64_5a902455b8e8b8c8\igdumdim64.dll
0x00007ffbb1440000 - 0x00007ffbb4d49000 	C:\Windows\System32\DriverStore\FileRepository\iigd_dch.inf_amd64_5a902455b8e8b8c8\igd9dxva64.dll
0x00007ffc33bb0000 - 0x00007ffc33d07000 	C:\Windows\System32\ole32.dll
0x00007ffc32170000 - 0x00007ffc32235000 	C:\Windows\System32\OLEAUT32.dll
0x00007ffc33670000 - 0x00007ffc33ae0000 	C:\Windows\System32\SETUPAPI.dll
0x00007ffc31630000 - 0x00007ffc31656000 	C:\Windows\System32\bcrypt.dll
0x00007ffc0e950000 - 0x00007ffc0eaf4000 	C:\Windows\System32\DriverStore\FileRepository\iigd_dch.inf_amd64_5a902455b8e8b8c8\igdgmm64.dll
0x00007ffc12e80000 - 0x00007ffc12ec5000 	C:\Program Files\BlueJ\lib\javafx\bin\glass.dll
0x00007ffc32e60000 - 0x00007ffc32f30000 	C:\Windows\System32\COMDLG32.dll
0x00007ffc07e90000 - 0x00007ffc07f39000 	C:\Windows\WinSxS\amd64_microsoft.windows.common-controls_6595b64144ccf1df_5.82.18362.1171_none_73b39566d815b6cb\COMCTL32.dll
0x00007ffc32930000 - 0x00007ffc32a65000 	C:\Windows\System32\MSCTF.dll
0x00007ffbed680000 - 0x00007ffbed6a6000 	C:\Windows\System32\DriverStore\FileRepository\iigd_dch.inf_amd64_5a902455b8e8b8c8\igdinfo64.dll
0x00007ffc0c340000 - 0x00007ffc0e944000 	C:\Windows\System32\DriverStore\FileRepository\iigd_dch.inf_amd64_5a902455b8e8b8c8\igc64.dll
0x00007ffbfc500000 - 0x00007ffbfc69e000 	C:\Program Files\BlueJ\jdk\bin\awt.dll
0x00007ffc2d020000 - 0x00007ffc2d5e0000 	C:\Windows\SYSTEM32\d2d1.dll
0x00007ffc2e6b0000 - 0x00007ffc2e73f000 	C:\Windows\SYSTEM32\apphelp.dll
0x00007ffc16680000 - 0x00007ffc16694000 	C:\Program Files\BlueJ\lib\javafx\bin\javafx_font.dll
0x00007ffc0c040000 - 0x00007ffc0c33e000 	C:\Windows\SYSTEM32\dwrite.dll
0x00007ffc33030000 - 0x00007ffc330d2000 	C:\Windows\System32\clbcatq.dll
0x00007ffc1c780000 - 0x00007ffc1ca04000 	C:\Windows\WinSxS\amd64_microsoft.windows.common-controls_6595b64144ccf1df_6.0.18362.1171_none_9e80aa3be45bf31a\comctl32.dll
0x00007ffc1f030000 - 0x00007ffc1f1df000 	C:\Windows\SYSTEM32\WindowsCodecs.dll
0x00007ffc08a50000 - 0x00007ffc08a8a000 	C:\Windows\system32\dataexchange.dll
0x00007ffc2dca0000 - 0x00007ffc2de7d000 	C:\Windows\system32\dcomp.dll
0x00007ffc2d5e0000 - 0x00007ffc2d83b000 	C:\Windows\system32\d3d11.dll
0x00007ffc2f790000 - 0x00007ffc2f87b000 	C:\Windows\system32\dxgi.dll
0x00007ffc2eab0000 - 0x00007ffc2ed12000 	C:\Windows\system32\twinapi.appcore.dll
0x00007ffc2ef20000 - 0x00007ffc2ef49000 	C:\Windows\system32\RMCLIENT.dll
0x00007ffc12bf0000 - 0x00007ffc12c23000 	C:\Program Files\Common Files\Microsoft Shared\Ink\rtscom.dll
0x00007ffc14e30000 - 0x00007ffc14ece000 	C:\Windows\System32\TextInputFramework.dll
0x00007ffc149e0000 - 0x00007ffc14d0a000 	C:\Windows\System32\CoreUIComponents.dll
0x00007ffc2e1f0000 - 0x00007ffc2e2c4000 	C:\Windows\System32\CoreMessaging.dll

dbghelp: loaded successfully - version: 4.0.5 - missing functions: none
symbol engine: initialized successfully - sym options: 0x614 - pdb path: .;C:\Program Files\BlueJ;C:\Windows\SYSTEM32;C:\Program Files\BlueJ\jdk\bin\server;C:\Program Files\BlueJ\jdk\bin;C:\Program Files\BlueJ\lib\javafx\bin;C:\Windows\System32\DriverStore\FileRepository\iigd_dch.inf_amd64_5a902455b8e8b8c8;C:\Windows\WinSxS\amd64_microsoft.windows.common-controls_6595b64144ccf1df_5.82.18362.1171_none_73b39566d815b6cb;C:\Windows\WinSxS\amd64_microsoft.windows.common-controls_6595b64144ccf1df_6.0.18362.1171_none_9e80aa3be45bf31a;C:\Program Files\Common Files\Microsoft Shared\Ink

VM Arguments:
jvm_args: -Djavafx.embed.singleThread=true 
java_command: <unknown>
java_class_path (initial): C:\Program Files\BlueJ\lib\bluej.jar;C:\Program Files\BlueJ\lib\javafx\lib\javafx.base.jar;C:\Program Files\BlueJ\lib\javafx\lib\javafx.controls.jar;C:\Program Files\BlueJ\lib\javafx\lib\javafx.fxml.jar;C:\Program Files\BlueJ\lib\javafx\lib\javafx.graphics.jar;C:\Program Files\BlueJ\lib\javafx\lib\javafx.media.jar;C:\Program Files\BlueJ\lib\javafx\lib\javafx.properties.jar;C:\Program Files\BlueJ\lib\javafx\lib\javafx.swing.jar;C:\Program Files\BlueJ\lib\javafx\lib\javafx.web.jar
Launcher Type: generic

[Global flags]
     intx CICompilerCount                          = 4                                         {product} {ergonomic}
     uint ConcGCThreads                            = 2                                         {product} {ergonomic}
     uint G1ConcRefinementThreads                  = 8                                         {product} {ergonomic}
   size_t G1HeapRegionSize                         = 2097152                                   {product} {ergonomic}
    uintx GCDrainStackTargetSize                   = 64                                        {product} {ergonomic}
   size_t InitialHeapSize                          = 534773760                                 {product} {ergonomic}
   size_t MarkStackSize                            = 4194304                                   {product} {ergonomic}
   size_t MaxHeapSize                              = 8524922880                                {product} {ergonomic}
   size_t MaxNewSize                               = 5114953728                                {product} {ergonomic}
   size_t MinHeapDeltaBytes                        = 2097152                                   {product} {ergonomic}
    uintx NonNMethodCodeHeapSize                   = 5835340                                {pd product} {ergonomic}
    uintx NonProfiledCodeHeapSize                  = 122911450                              {pd product} {ergonomic}
    uintx ProfiledCodeHeapSize                     = 122911450                              {pd product} {ergonomic}
    uintx ReservedCodeCacheSize                    = 251658240                              {pd product} {ergonomic}
     bool SegmentedCodeCache                       = true                                      {product} {ergonomic}
     bool UseCompressedClassPointers               = true                                 {lp64_product} {ergonomic}
     bool UseCompressedOops                        = true                                 {lp64_product} {ergonomic}
     bool UseG1GC                                  = true                                      {product} {ergonomic}
     bool UseLargePagesIndividualAllocation        = false                                  {pd product} {ergonomic}

Logging:
Log output configuration:
 #0: stdout all=warning uptime,level,tags
 #1: stderr all=off uptime,level,tags

Environment Variables:
PATH=C:\Program Files (x86)\Common Files\Oracle\Java\javapath;C:\Windows\system32;C:\Windows;C:\Windows\System32\Wbem;C:\Windows\System32\WindowsPowerShell\v1.0\;C:\Windows\System32\OpenSSH\;C:\Users\delgadomatac\AppData\Local\Microsoft\WindowsApps;
USERNAME=delgadomatac
OS=Windows_NT
PROCESSOR_IDENTIFIER=Intel64 Family 6 Model 142 Stepping 12, GenuineIntel



---------------  S Y S T E M  ---------------

OS: Windows 10 , 64 bit Build 18362 (10.0.18362.1110)

CPU:total 8 (initial active 8) (4 cores per cpu, 2 threads per core) family 6 model 142 stepping 12, cmov, cx8, fxsr, mmx, sse, sse2, sse3, ssse3, sse4.1, sse4.2, popcnt, avx, avx2, aes, clmul, erms, 3dnowpref, lzcnt, ht, tsc, tscinvbit, bmi1, bmi2, adx, fma

Memory: 4k page, system-wide physical 32519M (4686M free)
TotalPageFile size 62963M (AvailPageFile size 5M)
current process WorkingSet (physical memory assigned to process): 703M, peak: 703M
current process commit charge ("private bytes"): 867M, peak: 868M

vm_info: OpenJDK 64-Bit Server VM (11.0.2+9) for windows-amd64 JRE (11.0.2+9), built on Jan 18 2019 05:23:22 by "mach5one" with MS VC++ 15.5 (VS2017)

END.
