#
# There is insufficient memory for the Java Runtime Environment to continue.
# Native memory allocation (mmap) failed to map 534773760 bytes for Failed to commit area from 0x0000000603e00000 to 0x0000000623c00000 of length 534773760.
# Possible reasons:
#   The system is out of physical RAM or swap space
#   The process is running with CompressedOops enabled, and the Java Heap may be blocking the growth of the native heap
# Possible solutions:
#   Reduce memory load on the system
#   Increase physical memory or swap space
#   Check if swap backing store is full
#   Decrease Java heap size (-Xmx/-Xms)
#   Decrease number of Java threads
#   Decrease Java thread stack sizes (-Xss)
#   Set larger code cache with -XX:ReservedCodeCacheSize=
# This output file may be truncated or incomplete.
#
#  Out of Memory Error (t:/workspace/open/src/hotspot/os/windows/os_windows.cpp:3269), pid=23532, tid=29556
#
# JRE version:  (11.0.2+9) (build )
# Java VM: OpenJDK 64-Bit Server VM (11.0.2+9, mixed mode, aot, sharing, tiered, compressed oops, g1 gc, windows-amd64)
# No core dump will be written. Minidumps are not enabled by default on client versions of Windows
#

---------------  S U M M A R Y ------------

Command Line: -Djavafx.embed.singleThread=true 

Host: Intel(R) Core(TM) i7-10510U CPU @ 1.80GHz, 8 cores, 31G,  Windows 10 , 64 bit Build 18362 (10.0.18362.1110)
Time: Wed Dec  2 14:52:14 2020 Taipei Standard Time elapsed time: 0 seconds (0d 0h 0m 0s)

---------------  T H R E A D  ---------------

Current thread (0x00000000032d4000):  JavaThread "Unknown thread" [_thread_in_vm, id=29556, stack(0x00000000004e0000,0x00000000006e0000)]

Stack: [0x00000000004e0000,0x00000000006e0000]
Native frames: (J=compiled Java code, j=interpreted, Vv=VM code, C=native code)
V  [jvm.dll+0x63489a]
V  [jvm.dll+0x771f9f]
V  [jvm.dll+0x773648]
V  [jvm.dll+0x773d03]
V  [jvm.dll+0x25eba8]
V  [jvm.dll+0x631d3a]
V  [jvm.dll+0x626775]
V  [jvm.dll+0x313ffc]
V  [jvm.dll+0x313e82]
V  [jvm.dll+0x3196e6]
V  [jvm.dll+0x36579f]
V  [jvm.dll+0x3651c0]
V  [jvm.dll+0x2f0ff8]
V  [jvm.dll+0x2f2156]
V  [jvm.dll+0x74b4f7]
V  [jvm.dll+0x74cc3f]
V  [jvm.dll+0x372609]
V  [jvm.dll+0x731b69]
V  [jvm.dll+0x3e1bad]
V  [jvm.dll+0x3e3e81]
C  [BlueJ.exe+0x2501]
C  [BlueJ.exe+0x2c85]
C  [BlueJ.exe+0x13c7]
C  [BlueJ.exe+0x14cb]
C  [KERNEL32.DLL+0x17c24]
C  [ntdll.dll+0x6d4d1]


---------------  P R O C E S S  ---------------

Threads class SMR info:
_java_thread_list=0x000000000011d270, length=0, elements={
}

Java Threads: ( => current thread )

Other Threads:
  0x00000000032ea000 GCTaskThread "GC Thread#0" [stack: 0x0000000002c70000,0x0000000002e70000] [id=6724]
  0x0000000003369800 ConcurrentGCThread "G1 Main Marker" [stack: 0x000000002da20000,0x000000002dc20000] [id=15212]
  0x000000000336f000 ConcurrentGCThread "G1 Conc#0" [stack: 0x000000002dc20000,0x000000002de20000] [id=34444]

[error occurred during error reporting (printing all threads), id 0xc0000005, EXCEPTION_ACCESS_VIOLATION (0xc0000005) at pc=0x00007ffba587f5b7]

VM state:not at safepoint (not fully initialized)

VM Mutex/Monitor currently owned by a thread:  ([mutex/lock_event])
[0x00000000032d0f20] Heap_lock - owner thread: 0x00000000032d4000

Heap address: 0x0000000603e00000, size: 8130 MB, Compressed Oops mode: Non-zero based: 0x0000000603e00000
Narrow klass base: 0x0000000000000000, Narrow klass shift: 0

GC Heap History (0 events):
No events

Deoptimization events (0 events):
No events

Classes redefined (0 events):
No events

Internal exceptions (0 events):
No events

Events (0 events):
No events


Dynamic libraries:
0x0000000000400000 - 0x00000000004d2000 	C:\Program Files\BlueJ\BlueJ.exe
0x00007ffc33d80000 - 0x00007ffc33f70000 	C:\Windows\SYSTEM32\ntdll.dll
0x00007ffc33ae0000 - 0x00007ffc33b92000 	C:\Windows\System32\KERNEL32.DLL
0x00007ffc31660000 - 0x00007ffc31905000 	C:\Windows\System32\KERNELBASE.dll
0x00007ffc32aa0000 - 0x00007ffc32b3e000 	C:\Windows\System32\msvcrt.dll
0x00007ffc32240000 - 0x00007ffc32927000 	C:\Windows\System32\SHELL32.dll
0x00007ffc31530000 - 0x00007ffc3162a000 	C:\Windows\System32\ucrtbase.dll
0x00007ffc31c40000 - 0x00007ffc31c8a000 	C:\Windows\System32\cfgmgr32.dll
0x00007ffc335c0000 - 0x00007ffc33669000 	C:\Windows\System32\shcore.dll
0x00007ffc33440000 - 0x00007ffc33560000 	C:\Windows\System32\RPCRT4.dll
0x00007ffc31e30000 - 0x00007ffc32165000 	C:\Windows\System32\combase.dll
0x00007ffc31bc0000 - 0x00007ffc31c40000 	C:\Windows\System32\bcryptPrimitives.dll
0x00007ffc30d00000 - 0x00007ffc31481000 	C:\Windows\System32\windows.storage.dll
0x00007ffc31490000 - 0x00007ffc3152e000 	C:\Windows\System32\msvcp_win.dll
0x00007ffc32cf0000 - 0x00007ffc32d87000 	C:\Windows\System32\sechost.dll
0x00007ffc32d90000 - 0x00007ffc32e33000 	C:\Windows\System32\advapi32.dll
0x00007ffc30cb0000 - 0x00007ffc30cd3000 	C:\Windows\System32\profapi.dll
0x00007ffc30c40000 - 0x00007ffc30c8a000 	C:\Windows\System32\powrprof.dll
0x00007ffc30c30000 - 0x00007ffc30c40000 	C:\Windows\System32\UMPDC.dll
0x00007ffc33560000 - 0x00007ffc335b2000 	C:\Windows\System32\shlwapi.dll
0x00007ffc33d10000 - 0x00007ffc33d36000 	C:\Windows\System32\GDI32.dll
0x00007ffc31e00000 - 0x00007ffc31e21000 	C:\Windows\System32\win32u.dll
0x00007ffc31910000 - 0x00007ffc31aa6000 	C:\Windows\System32\gdi32full.dll
0x00007ffc33240000 - 0x00007ffc333d4000 	C:\Windows\System32\USER32.dll
0x00007ffc30c90000 - 0x00007ffc30ca1000 	C:\Windows\System32\kernel.appcore.dll
0x00007ffc31de0000 - 0x00007ffc31df7000 	C:\Windows\System32\cryptsp.dll
0x00007ffc2bd20000 - 0x00007ffc2bd2a000 	C:\Windows\SYSTEM32\VERSION.dll
0x00007ffc32a70000 - 0x00007ffc32a9e000 	C:\Windows\System32\IMM32.DLL
0x00007ffba5580000 - 0x00007ffba60a3000 	C:\Program Files\BlueJ\jdk\bin\server\jvm.dll
0x00007ffc33ba0000 - 0x00007ffc33ba8000 	C:\Windows\System32\PSAPI.DLL
0x00007ffc154d0000 - 0x00007ffc154f4000 	C:\Windows\SYSTEM32\WINMM.dll
0x00007ffc07730000 - 0x00007ffc07739000 	C:\Windows\SYSTEM32\WSOCK32.dll
0x00007ffc23400000 - 0x00007ffc23416000 	C:\Program Files\BlueJ\jdk\bin\VCRUNTIME140.dll
0x00007ffc331b0000 - 0x00007ffc3321f000 	C:\Windows\System32\WS2_32.dll
0x00007ffc1ec30000 - 0x00007ffc1ec5d000 	C:\Windows\SYSTEM32\winmmbase.dll
0x00007ffc23220000 - 0x00007ffc23231000 	C:\Program Files\BlueJ\jdk\bin\verify.dll
0x00007ffc2f1f0000 - 0x00007ffc2f3e4000 	C:\Windows\SYSTEM32\DBGHELP.DLL
0x00007ffc2b1b0000 - 0x00007ffc2b1da000 	C:\Windows\SYSTEM32\dbgcore.DLL
0x00007ffc1cdf0000 - 0x00007ffc1ce18000 	C:\Program Files\BlueJ\jdk\bin\java.dll
0x00007ffc1be20000 - 0x00007ffc1be36000 	C:\Program Files\BlueJ\jdk\bin\zip.dll
0x00007ffc2b3f0000 - 0x00007ffc2b3fa000 	C:\Program Files\BlueJ\jdk\bin\jimage.dll

dbghelp: loaded successfully - version: 4.0.5 - missing functions: none
symbol engine: initialized successfully - sym options: 0x614 - pdb path: .;C:\Program Files\BlueJ;C:\Windows\SYSTEM32;C:\Program Files\BlueJ\jdk\bin\server;C:\Program Files\BlueJ\jdk\bin

VM Arguments:
jvm_args: -Djavafx.embed.singleThread=true 
java_command: <unknown>
java_class_path (initial): C:\Program Files\BlueJ\lib\bluej.jar;C:\Program Files\BlueJ\lib\javafx\lib\javafx.base.jar;C:\Program Files\BlueJ\lib\javafx\lib\javafx.controls.jar;C:\Program Files\BlueJ\lib\javafx\lib\javafx.fxml.jar;C:\Program Files\BlueJ\lib\javafx\lib\javafx.graphics.jar;C:\Program Files\BlueJ\lib\javafx\lib\javafx.media.jar;C:\Program Files\BlueJ\lib\javafx\lib\javafx.properties.jar;C:\Program Files\BlueJ\lib\javafx\lib\javafx.swing.jar;C:\Program Files\BlueJ\lib\javafx\lib\javafx.web.jar
Launcher Type: generic

[Global flags]
     intx CICompilerCount                          = 4                                         {product} {ergonomic}
     uint ConcGCThreads                            = 2                                         {product} {ergonomic}
     uint G1ConcRefinementThreads                  = 8                                         {product} {ergonomic}
   size_t G1HeapRegionSize                         = 2097152                                   {product} {ergonomic}
    uintx GCDrainStackTargetSize                   = 64                                        {product} {ergonomic}
   size_t InitialHeapSize                          = 534773760                                 {product} {ergonomic}
   size_t MarkStackSize                            = 4194304                                   {product} {ergonomic}
   size_t MaxHeapSize                              = 8524922880                                {product} {ergonomic}
   size_t MinHeapDeltaBytes                        = 2097152                                   {product} {ergonomic}
    uintx NonNMethodCodeHeapSize                   = 5835340                                {pd product} {ergonomic}
    uintx NonProfiledCodeHeapSize                  = 122911450                              {pd product} {ergonomic}
    uintx ProfiledCodeHeapSize                     = 122911450                              {pd product} {ergonomic}
    uintx ReservedCodeCacheSize                    = 251658240                              {pd product} {ergonomic}
     bool SegmentedCodeCache                       = true                                      {product} {ergonomic}
     bool UseCompressedClassPointers               = true                                 {lp64_product} {ergonomic}
     bool UseCompressedOops                        = true                                 {lp64_product} {ergonomic}
     bool UseG1GC                                  = true                                      {product} {ergonomic}
     bool UseLargePagesIndividualAllocation        = false                                  {pd product} {ergonomic}

Logging:
Log output configuration:
 #0: stdout all=warning uptime,level,tags
 #1: stderr all=off uptime,level,tags

Environment Variables:
PATH=C:\Program Files (x86)\Common Files\Oracle\Java\javapath;C:\Windows\system32;C:\Windows;C:\Windows\System32\Wbem;C:\Windows\System32\WindowsPowerShell\v1.0\;C:\Windows\System32\OpenSSH\;C:\Users\delgadomatac\AppData\Local\Microsoft\WindowsApps;
USERNAME=delgadomatac
OS=Windows_NT
PROCESSOR_IDENTIFIER=Intel64 Family 6 Model 142 Stepping 12, GenuineIntel



---------------  S Y S T E M  ---------------

OS: Windows 10 , 64 bit Build 18362 (10.0.18362.1110)

CPU:total 8 (initial active 8) (4 cores per cpu, 2 threads per core) family 6 model 142 stepping 12, cmov, cx8, fxsr, mmx, sse, sse2, sse3, ssse3, sse4.1, sse4.2, popcnt, avx, avx2, aes, clmul, erms, 3dnowpref, lzcnt, ht, tsc, tscinvbit, bmi1, bmi2, adx, fma

Memory: 4k page, system-wide physical 32519M (4730M free)
TotalPageFile size 62825M (AvailPageFile size 280M)
current process WorkingSet (physical memory assigned to process): 11M, peak: 11M
current process commit charge ("private bytes"): 61M, peak: 571M

vm_info: OpenJDK 64-Bit Server VM (11.0.2+9) for windows-amd64 JRE (11.0.2+9), built on Jan 18 2019 05:23:22 by "mach5one" with MS VC++ 15.5 (VS2017)

END.
